<?xml version="1.0" encoding="UTF-8"?>
<!-- Generated by org.testng.reporters.JUnitReportReporter -->
<testsuite hostname="WBLL0921E4832" failures="0" tests="3" name="com.onmobile.vol.cataloghub.chartCollection.SearchByChartCollectionName" time="0.586" errors="0" timestamp="2022-02-14T12:44:40 IST" skipped="0">
  <testcase classname="com.onmobile.vol.cataloghub.chartCollection.SearchByChartCollectionName" name="getChartCollectionsNegativeTest" time="0.136"/>
  <system-out/>
  <testcase classname="com.onmobile.vol.cataloghub.chartCollection.SearchByChartCollectionName" name="searchChartByCollectionName" time="0.251"/>
  <system-out/>
  <testcase classname="com.onmobile.vol.cataloghub.chartCollection.SearchByChartCollectionName" name="getChartCollectionsNegativeTest" time="0.199"/>
  <system-out/>
</testsuite> <!-- com.onmobile.vol.cataloghub.chartCollection.SearchByChartCollectionName -->
