<?xml version="1.0" encoding="UTF-8"?>
<!-- Generated by org.testng.reporters.JUnitReportReporter -->
<testsuite hostname="WBLL0921E4832" failures="0" tests="1" name="com.onmobile.vol.cataloghub.api.banner.UpdateBanner" time="0.412" errors="0" timestamp="2022-02-11T13:29:35 IST" skipped="0">
  <testcase classname="com.onmobile.vol.cataloghub.api.banner.UpdateBanner" name="updateTheme" time="0.412"/>
  <system-out/>
</testsuite> <!-- com.onmobile.vol.cataloghub.api.banner.UpdateBanner -->
