<?xml version="1.0" encoding="UTF-8"?>
<!-- Generated by org.testng.reporters.JUnitReportReporter -->
<testsuite hostname="WBLL0921E4832" failures="0" tests="5" name="com.onmobile.vol.cataloghub.api.bannerCollection.GetBannerCollectionByID" time="0.668" errors="0" timestamp="2022-02-22T16:35:30 IST" skipped="0">
  <testcase classname="com.onmobile.vol.cataloghub.api.bannerCollection.GetBannerCollectionByID" name="getBannerCollectionsByID_NegativeScenarios" time="0.149"/>
  <system-out/>
  <testcase classname="com.onmobile.vol.cataloghub.api.bannerCollection.GetBannerCollectionByID" name="run" time="0.002"/>
  <system-out/>
  <testcase classname="com.onmobile.vol.cataloghub.api.bannerCollection.GetBannerCollectionByID" name="getBannerCollectionsById" time="0.194"/>
  <system-out/>
  <testcase classname="com.onmobile.vol.cataloghub.api.bannerCollection.GetBannerCollectionByID" name="getBannerCollectionsByID_NegativeScenarios" time="0.164"/>
  <system-out/>
  <testcase classname="com.onmobile.vol.cataloghub.api.bannerCollection.GetBannerCollectionByID" name="getBannerCollectionsByID_NegativeScenarios" time="0.159"/>
  <system-out/>
</testsuite> <!-- com.onmobile.vol.cataloghub.api.bannerCollection.GetBannerCollectionByID -->
