<?xml version="1.0" encoding="UTF-8"?>
<!-- Generated by org.testng.reporters.JUnitReportReporter -->
<testsuite hostname="WBLL0921E4832" failures="0" tests="4" name="com.onmobile.vol.cataloghub.api.chat.GetChartByID" time="0.663" errors="0" timestamp="2022-02-14T12:44:40 IST" skipped="0">
  <testcase classname="com.onmobile.vol.cataloghub.api.chat.GetChartByID" name="getChartByID" time="0.226"/>
  <system-out/>
  <testcase classname="com.onmobile.vol.cataloghub.api.chat.GetChartByID" name="getCahrtById_NegativeTest" time="0.136"/>
  <system-out/>
  <testcase classname="com.onmobile.vol.cataloghub.api.chat.GetChartByID" name="getCahrtById_NegativeTest" time="0.164"/>
  <system-out/>
  <testcase classname="com.onmobile.vol.cataloghub.api.chat.GetChartByID" name="getCahrtById_NegativeTest" time="0.137"/>
  <system-out/>
</testsuite> <!-- com.onmobile.vol.cataloghub.api.chat.GetChartByID -->
