<?xml version="1.0" encoding="UTF-8"?>
<!-- Generated by org.testng.reporters.JUnitReportReporter -->
<testsuite hostname="WBLL0921E4832" failures="0" tests="3" name="com.onmobile.vol.cataloghub.api.bannerCollection.SearchBannerCollectionByName" time="0.770" errors="0" timestamp="2022-02-11T13:41:09 IST" skipped="0">
  <testcase classname="com.onmobile.vol.cataloghub.api.bannerCollection.SearchBannerCollectionByName" name="searchBannerCollectionBynameNegative" time="0.209"/>
  <system-out/>
  <testcase classname="com.onmobile.vol.cataloghub.api.bannerCollection.SearchBannerCollectionByName" name="searchBannerCollectionByname" time="0.301"/>
  <system-out/>
  <testcase classname="com.onmobile.vol.cataloghub.api.bannerCollection.SearchBannerCollectionByName" name="searchBannerCollectionBynameNegative" time="0.260"/>
  <system-out/>
</testsuite> <!-- com.onmobile.vol.cataloghub.api.bannerCollection.SearchBannerCollectionByName -->
