<?xml version="1.0" encoding="UTF-8"?>
<!-- Generated by org.testng.reporters.JUnitReportReporter -->
<testsuite hostname="WBLL0921E4832" failures="0" tests="3" name="com.onmobile.vol.cataloghub.api.themes.GetThemeByID" time="1.362" errors="0" timestamp="2022-02-21T15:50:36 IST" skipped="0">
  <testcase classname="com.onmobile.vol.cataloghub.api.themes.GetThemeByID" name="getThemeByThemeID" time="0.934"/>
  <system-out/>
  <testcase classname="com.onmobile.vol.cataloghub.api.themes.GetThemeByID" name="getThemeByThemeid_NegativeScenarios" time="0.215"/>
  <system-out/>
  <testcase classname="com.onmobile.vol.cataloghub.api.themes.GetThemeByID" name="getThemeByThemeid_NegativeScenarios" time="0.213"/>
  <system-out/>
</testsuite> <!-- com.onmobile.vol.cataloghub.api.themes.GetThemeByID -->
