<?xml version="1.0" encoding="UTF-8"?>
<!-- Generated by org.testng.reporters.JUnitReportReporter -->
<testsuite hostname="WBLL0921E4832" failures="0" tests="1" name="com.onmobile.vol.cataloghub.api.banner.DeleteBannerById" time="0.276" errors="0" timestamp="2022-02-11T11:45:55 IST" skipped="0">
  <testcase classname="com.onmobile.vol.cataloghub.api.banner.DeleteBannerById" name="getAttributes" time="0.276"/>
  <system-out/>
</testsuite> <!-- com.onmobile.vol.cataloghub.api.banner.DeleteBannerById -->
