<?xml version="1.0" encoding="UTF-8"?>
<!-- Generated by org.testng.reporters.JUnitReportReporter -->
<testsuite hostname="WBLL0921E4832" failures="0" tests="4" name="com.onmobile.vol.cataloghub.api.collectionThemes.SearchByThemeCollectionName" time="1.108" errors="0" timestamp="2022-02-11T15:23:19 IST" skipped="0">
  <testcase classname="com.onmobile.vol.cataloghub.api.collectionThemes.SearchByThemeCollectionName" name="searchThemeCollection" time="0.321"/>
  <system-out/>
  <testcase classname="com.onmobile.vol.cataloghub.api.collectionThemes.SearchByThemeCollectionName" name="searchThemeCollectionNegativeScenarioes" time="0.254"/>
  <system-out/>
  <testcase classname="com.onmobile.vol.cataloghub.api.collectionThemes.SearchByThemeCollectionName" name="searchThemeCollectionNegativeScenarioes" time="0.264"/>
  <system-out/>
  <testcase classname="com.onmobile.vol.cataloghub.api.collectionThemes.SearchByThemeCollectionName" name="searchThemeCollectionNegativeScenarioes" time="0.269"/>
  <system-out/>
</testsuite> <!-- com.onmobile.vol.cataloghub.api.collectionThemes.SearchByThemeCollectionName -->
