<?xml version="1.0" encoding="UTF-8"?>
<!-- Generated by org.testng.reporters.JUnitReportReporter -->
<testsuite hostname="WBLL0921E4832" failures="0" tests="6" name="com.onmobile.vol.cataloghub.api.collectionThemes.GetThemeCollectionByID" time="2.075" errors="0" timestamp="2022-02-14T12:44:40 IST" skipped="0">
  <testcase classname="com.onmobile.vol.cataloghub.api.collectionThemes.GetThemeCollectionByID" name="InvalidThemeCollection" time="0.296"/>
  <system-out/>
  <testcase classname="com.onmobile.vol.cataloghub.api.collectionThemes.GetThemeCollectionByID" name="InvalidThemeCollection" time="0.534"/>
  <system-out/>
  <testcase classname="com.onmobile.vol.cataloghub.api.collectionThemes.GetThemeCollectionByID" name="InvalidThemeCollection" time="0.340"/>
  <system-out/>
  <testcase classname="com.onmobile.vol.cataloghub.api.collectionThemes.GetThemeCollectionByID" name="getThemeCollection" time="0.333"/>
  <system-out/>
  <testcase classname="com.onmobile.vol.cataloghub.api.collectionThemes.GetThemeCollectionByID" name="InvalidThemeCollection" time="0.309"/>
  <system-out/>
  <testcase classname="com.onmobile.vol.cataloghub.api.collectionThemes.GetThemeCollectionByID" name="InvalidThemeCollection" time="0.263"/>
  <system-out/>
</testsuite> <!-- com.onmobile.vol.cataloghub.api.collectionThemes.GetThemeCollectionByID -->
