<?xml version="1.0" encoding="UTF-8"?>
<!-- Generated by org.testng.reporters.JUnitReportReporter -->
<testsuite hostname="WBLL0921E4832" failures="0" tests="3" name="com.onmobile.vol.cataloghub.api.bannerCollection.GetAllBannerCollections" time="0.519" errors="0" timestamp="2022-02-21T16:53:10 IST" skipped="0">
  <testcase classname="com.onmobile.vol.cataloghub.api.bannerCollection.GetAllBannerCollections" name="NegativeGetAllBanner" time="0.131"/>
  <system-out/>
  <testcase classname="com.onmobile.vol.cataloghub.api.bannerCollection.GetAllBannerCollections" name="NegativeGetAllBanner" time="0.155"/>
  <system-out/>
  <testcase classname="com.onmobile.vol.cataloghub.api.bannerCollection.GetAllBannerCollections" name="getAllBannerCollections" time="0.233"/>
  <system-out/>
</testsuite> <!-- com.onmobile.vol.cataloghub.api.bannerCollection.GetAllBannerCollections -->
