<?xml version="1.0" encoding="UTF-8"?>
<!-- Generated by org.testng.reporters.JUnitReportReporter -->
<testsuite hostname="WBLL0921E4832" failures="0" tests="6" name="com.onmobile.vol.cataloghub.api.faq.GetFaq" time="0.859" errors="0" timestamp="2022-02-22T16:35:30 IST" skipped="0">
  <testcase classname="com.onmobile.vol.cataloghub.api.faq.GetFaq" name="getFaqByFaqId" time="0.202"/>
  <system-out/>
  <testcase classname="com.onmobile.vol.cataloghub.api.faq.GetFaq" name="getFaqByFaqIdNegativeTest" time="0.157"/>
  <system-out/>
  <testcase classname="com.onmobile.vol.cataloghub.api.faq.GetFaq" name="getFaqByFaqIdNegativeTest" time="0.174"/>
  <system-out/>
  <testcase classname="com.onmobile.vol.cataloghub.api.faq.GetFaq" name="getFaqByFaqIdNegativeTest" time="0.148"/>
  <system-out/>
  <testcase classname="com.onmobile.vol.cataloghub.api.faq.GetFaq" name="getFaqByFaqIdNegativeTest" time="0.176"/>
  <system-out/>
  <testcase classname="com.onmobile.vol.cataloghub.api.faq.GetFaq" name="run" time="0.002"/>
  <system-out/>
</testsuite> <!-- com.onmobile.vol.cataloghub.api.faq.GetFaq -->
