<?xml version="1.0" encoding="UTF-8"?>
<!-- Generated by org.testng.reporters.JUnitReportReporter -->
<testsuite hostname="WBLL0921E4832" failures="0" tests="3" name="com.onmobile.vol.cataloghub.chartCollection.GetAllChartCollections" time="0.594" errors="0" timestamp="2022-02-10T17:50:07 IST" skipped="0">
  <testcase classname="com.onmobile.vol.cataloghub.chartCollection.GetAllChartCollections" name="NegativeGetAllBanner" time="0.150"/>
  <system-out/>
  <testcase classname="com.onmobile.vol.cataloghub.chartCollection.GetAllChartCollections" name="NegativeGetAllBanner" time="0.150"/>
  <system-out/>
  <testcase classname="com.onmobile.vol.cataloghub.chartCollection.GetAllChartCollections" name="getAllBanner" time="0.294"/>
  <system-out/>
</testsuite> <!-- com.onmobile.vol.cataloghub.chartCollection.GetAllChartCollections -->
