<?xml version="1.0" encoding="UTF-8"?>
<!-- Generated by org.testng.reporters.JUnitReportReporter -->
<testsuite hostname="WBLL0921E4832" failures="0" tests="5" name="com.onmobile.vol.cataloghub.chartCollection.GetChartCollectionByID" time="0.863" errors="0" timestamp="2022-02-21T15:50:36 IST" skipped="0">
  <testcase classname="com.onmobile.vol.cataloghub.chartCollection.GetChartCollectionByID" name="getChartCollectionById_NegativeTest" time="0.163"/>
  <system-out/>
  <testcase classname="com.onmobile.vol.cataloghub.chartCollection.GetChartCollectionByID" name="getChartCollectionById_NegativeTest" time="0.164"/>
  <system-out/>
  <testcase classname="com.onmobile.vol.cataloghub.chartCollection.GetChartCollectionByID" name="getChartCollectionById_NegativeTest" time="0.167"/>
  <system-out/>
  <testcase classname="com.onmobile.vol.cataloghub.chartCollection.GetChartCollectionByID" name="getChartCollectionByID" time="0.207"/>
  <system-out/>
  <testcase classname="com.onmobile.vol.cataloghub.chartCollection.GetChartCollectionByID" name="getChartCollectionById_NegativeTest" time="0.162"/>
  <system-out/>
</testsuite> <!-- com.onmobile.vol.cataloghub.chartCollection.GetChartCollectionByID -->
