<?xml version="1.0" encoding="UTF-8"?>
<!-- Generated by org.testng.reporters.JUnitReportReporter -->
<testsuite hostname="WBLL0921E4832" failures="0" tests="6" name="com.onmobile.vol.cataloghub.api.collectionThemes.GetThemeCollectionByID" time="0.867" errors="0" timestamp="2022-02-10T17:50:07 IST" skipped="0">
  <testcase classname="com.onmobile.vol.cataloghub.api.collectionThemes.GetThemeCollectionByID" name="InvalidThemeCollection" time="0.140"/>
  <system-out/>
  <testcase classname="com.onmobile.vol.cataloghub.api.collectionThemes.GetThemeCollectionByID" name="InvalidThemeCollection" time="0.138"/>
  <system-out/>
  <testcase classname="com.onmobile.vol.cataloghub.api.collectionThemes.GetThemeCollectionByID" name="InvalidThemeCollection" time="0.145"/>
  <system-out/>
  <testcase classname="com.onmobile.vol.cataloghub.api.collectionThemes.GetThemeCollectionByID" name="InvalidThemeCollection" time="0.150"/>
  <system-out/>
  <testcase classname="com.onmobile.vol.cataloghub.api.collectionThemes.GetThemeCollectionByID" name="getThemeCollection" time="0.180"/>
  <system-out/>
  <testcase classname="com.onmobile.vol.cataloghub.api.collectionThemes.GetThemeCollectionByID" name="InvalidThemeCollection" time="0.114"/>
  <system-out/>
</testsuite> <!-- com.onmobile.vol.cataloghub.api.collectionThemes.GetThemeCollectionByID -->
