<?xml version="1.0" encoding="UTF-8"?>
<!-- Generated by org.testng.reporters.JUnitReportReporter -->
<testsuite hostname="WBLL0921E4832" failures="0" tests="3" name="com.onmobile.vol.cataloghub.api.banner.GetBannerById" time="0.685" errors="0" timestamp="2022-02-11T13:29:35 IST" skipped="0">
  <testcase classname="com.onmobile.vol.cataloghub.api.banner.GetBannerById" name="getBannerByID" time="0.275"/>
  <system-out/>
  <testcase classname="com.onmobile.vol.cataloghub.api.banner.GetBannerById" name="getBannerById_NegativeScenarios" time="0.229"/>
  <system-out/>
  <testcase classname="com.onmobile.vol.cataloghub.api.banner.GetBannerById" name="getBannerById_NegativeScenarios" time="0.181"/>
  <system-out/>
</testsuite> <!-- com.onmobile.vol.cataloghub.api.banner.GetBannerById -->
