<?xml version="1.0" encoding="UTF-8"?>
<!-- Generated by org.testng.reporters.JUnitReportReporter -->
<testsuite hostname="WBLL0921E4832" failures="0" tests="3" name="com.onmobile.vol.cataloghub.chartCollection.CreateChartCollection" time="0.552" errors="0" timestamp="2022-02-21T15:50:36 IST" skipped="0">
  <testcase classname="com.onmobile.vol.cataloghub.chartCollection.CreateChartCollection" name="NegativeScenarioCreateChat" time="0.152"/>
  <system-out/>
  <testcase classname="com.onmobile.vol.cataloghub.chartCollection.CreateChartCollection" name="createChatByChatName" time="0.236"/>
  <system-out/>
  <testcase classname="com.onmobile.vol.cataloghub.chartCollection.CreateChartCollection" name="NegativeScenarioCreateChat" time="0.164"/>
  <system-out/>
</testsuite> <!-- com.onmobile.vol.cataloghub.chartCollection.CreateChartCollection -->
