<?xml version="1.0" encoding="UTF-8"?>
<!-- Generated by org.testng.reporters.JUnitReportReporter -->
<testsuite hostname="WBLL0921E4832" failures="0" tests="1" name="com.onmobile.vol.cataloghub.api.themes.CreateTheme" time="1.849" errors="0" timestamp="2022-02-11T15:23:19 IST" skipped="0">
  <testcase classname="com.onmobile.vol.cataloghub.api.themes.CreateTheme" name="createThemByThemeName" time="1.849"/>
  <system-out/>
</testsuite> <!-- com.onmobile.vol.cataloghub.api.themes.CreateTheme -->
