<?xml version="1.0" encoding="UTF-8"?>
<!-- Generated by org.testng.reporters.JUnitReportReporter -->
<testsuite hostname="WBLL0921E4832" failures="0" tests="1" name="co.onmobile.vol.cataloghub.api.themes.GetThemeAttributes" time="0.285" errors="0" timestamp="2021-11-19T13:39:09 IST" skipped="0">
  <testcase classname="co.onmobile.vol.cataloghub.api.themes.GetThemeAttributes" name="getAttributes" time="0.285"/>
  <system-out/>
</testsuite> <!-- co.onmobile.vol.cataloghub.api.themes.GetThemeAttributes -->
