<?xml version="1.0" encoding="UTF-8"?>
<!-- Generated by org.testng.reporters.JUnitReportReporter -->
<testsuite hostname="WBLL0921E4832" failures="0" tests="2" name="com.onmobile.vol.cataloghub.api.chat.DeleteChartByID" time="0.222" errors="0" timestamp="2022-02-22T16:35:30 IST" skipped="0">
  <testcase classname="com.onmobile.vol.cataloghub.api.chat.DeleteChartByID" name="deleteChartById" time="0.220"/>
  <system-out/>
  <testcase classname="com.onmobile.vol.cataloghub.api.chat.DeleteChartByID" name="run" time="0.002"/>
  <system-out/>
</testsuite> <!-- com.onmobile.vol.cataloghub.api.chat.DeleteChartByID -->
