<?xml version="1.0" encoding="UTF-8"?>
<!-- Generated by org.testng.reporters.JUnitReportReporter -->
<testsuite hostname="WBLL0921E4832" failures="0" tests="5" name="com.onmobile.vol.cataloghub.api.faq.GetFaq" time="0.840" errors="0" timestamp="2022-02-14T12:44:40 IST" skipped="0">
  <testcase classname="com.onmobile.vol.cataloghub.api.faq.GetFaq" name="getFaqByFaqIdNegativeTest" time="0.152"/>
  <system-out/>
  <testcase classname="com.onmobile.vol.cataloghub.api.faq.GetFaq" name="getFaqByFaqIdNegativeTest" time="0.162"/>
  <system-out/>
  <testcase classname="com.onmobile.vol.cataloghub.api.faq.GetFaq" name="getFaqByFaqIdNegativeTest" time="0.147"/>
  <system-out/>
  <testcase classname="com.onmobile.vol.cataloghub.api.faq.GetFaq" name="getFaqByFaqId" time="0.219"/>
  <system-out/>
  <testcase classname="com.onmobile.vol.cataloghub.api.faq.GetFaq" name="getFaqByFaqIdNegativeTest" time="0.160"/>
  <system-out/>
</testsuite> <!-- com.onmobile.vol.cataloghub.api.faq.GetFaq -->
