<?xml version="1.0" encoding="UTF-8"?>
<!-- Generated by org.testng.reporters.JUnitReportReporter -->
<testsuite hostname="WBLL0921E4832" failures="0" tests="3" name="com.onmobile.vol.cataloghub.api.themes.themeSearch.SearchByThemeName" time="0.489" errors="0" timestamp="2022-02-10T17:50:07 IST" skipped="0">
  <testcase classname="com.onmobile.vol.cataloghub.api.themes.themeSearch.SearchByThemeName" name="validateSearchThemeByThemeName" time="0.203"/>
  <system-out/>
  <testcase classname="com.onmobile.vol.cataloghub.api.themes.themeSearch.SearchByThemeName" name="searchThemeByThemeNameNegativeScenarioes" time="0.126"/>
  <system-out/>
  <testcase classname="com.onmobile.vol.cataloghub.api.themes.themeSearch.SearchByThemeName" name="searchThemeByThemeNameNegativeScenarioes" time="0.160"/>
  <system-out/>
</testsuite> <!-- com.onmobile.vol.cataloghub.api.themes.themeSearch.SearchByThemeName -->
