<?xml version="1.0" encoding="UTF-8"?>
<!-- Generated by org.testng.reporters.JUnitReportReporter -->
<testsuite hostname="WBLL0921E4832" failures="0" tests="4" name="com.onmobile.vol.cataloghub.api.chat.GetChartByID" time="0.600" errors="0" timestamp="2022-02-10T17:50:07 IST" skipped="0">
  <testcase classname="com.onmobile.vol.cataloghub.api.chat.GetChartByID" name="getThemeByThemeid_NegativeScenarios" time="0.131"/>
  <system-out/>
  <testcase classname="com.onmobile.vol.cataloghub.api.chat.GetChartByID" name="getChartByID" time="0.222"/>
  <system-out/>
  <testcase classname="com.onmobile.vol.cataloghub.api.chat.GetChartByID" name="getThemeByThemeid_NegativeScenarios" time="0.120"/>
  <system-out/>
  <testcase classname="com.onmobile.vol.cataloghub.api.chat.GetChartByID" name="getThemeByThemeid_NegativeScenarios" time="0.127"/>
  <system-out/>
</testsuite> <!-- com.onmobile.vol.cataloghub.api.chat.GetChartByID -->
