<?xml version="1.0" encoding="UTF-8"?>
<!-- Generated by org.testng.reporters.JUnitReportReporter -->
<testsuite hostname="WBLL0921E4832" failures="0" tests="1" name="com.onmobile.vol.cataloghub.api.chat.DeleteChartByID" time="0.190" errors="0" timestamp="2022-02-21T15:50:36 IST" skipped="0">
  <testcase classname="com.onmobile.vol.cataloghub.api.chat.DeleteChartByID" name="deleteChartById" time="0.190"/>
  <system-out/>
</testsuite> <!-- com.onmobile.vol.cataloghub.api.chat.DeleteChartByID -->
