<?xml version="1.0" encoding="UTF-8"?>
<!-- Generated by org.testng.reporters.JUnitReportReporter -->
<testsuite hostname="WBLL0921E4832" failures="0" tests="3" name="com.onmobile.vol.cataloghub.chartCollection.GetAllChartCollections" time="1.548" errors="0" timestamp="2022-02-21T15:50:36 IST" skipped="0">
  <testcase classname="com.onmobile.vol.cataloghub.chartCollection.GetAllChartCollections" name="NegativeGetAllBanner" time="0.164"/>
  <system-out/>
  <testcase classname="com.onmobile.vol.cataloghub.chartCollection.GetAllChartCollections" name="NegativeGetAllBanner" time="0.167"/>
  <system-out/>
  <testcase classname="com.onmobile.vol.cataloghub.chartCollection.GetAllChartCollections" name="getAllChartCollection" time="1.217"/>
  <system-out/>
</testsuite> <!-- com.onmobile.vol.cataloghub.chartCollection.GetAllChartCollections -->
