<?xml version="1.0" encoding="UTF-8"?>
<!-- Generated by org.testng.reporters.JUnitReportReporter -->
<testsuite hostname="WBLL0921E4832" failures="0" tests="3" name="com.onmobile.vol.cataloghub.api.bannerCollection.SearchBannerCollectionByName" time="0.564" errors="0" timestamp="2022-02-21T15:50:36 IST" skipped="0">
  <testcase classname="com.onmobile.vol.cataloghub.api.bannerCollection.SearchBannerCollectionByName" name="searchBannerCollectionBynameNegative" time="0.171"/>
  <system-out/>
  <testcase classname="com.onmobile.vol.cataloghub.api.bannerCollection.SearchBannerCollectionByName" name="searchBannerCollectionByname" time="0.232"/>
  <system-out/>
  <testcase classname="com.onmobile.vol.cataloghub.api.bannerCollection.SearchBannerCollectionByName" name="searchBannerCollectionBynameNegative" time="0.161"/>
  <system-out/>
</testsuite> <!-- com.onmobile.vol.cataloghub.api.bannerCollection.SearchBannerCollectionByName -->
