<?xml version="1.0" encoding="UTF-8"?>
<!-- Generated by org.testng.reporters.JUnitReportReporter -->
<testsuite hostname="WBLL0921E4832" failures="0" tests="4" name="com.onmobile.vol.cataloghub.api.banner.SearchByBannerName" time="3.251" errors="0" timestamp="2022-02-14T12:44:40 IST" skipped="0">
  <testcase classname="com.onmobile.vol.cataloghub.api.banner.SearchByBannerName" name="searchBannerBynameNegative" time="1.467"/>
  <system-out/>
  <testcase classname="com.onmobile.vol.cataloghub.api.banner.SearchByBannerName" name="searchBannerByname" time="0.845"/>
  <system-out/>
  <testcase classname="com.onmobile.vol.cataloghub.api.banner.SearchByBannerName" name="searchBannerBynameNegative" time="0.242"/>
  <system-out/>
  <testcase classname="com.onmobile.vol.cataloghub.api.banner.SearchByBannerName" name="searchBannerBynameNegative" time="0.697"/>
  <system-out/>
</testsuite> <!-- com.onmobile.vol.cataloghub.api.banner.SearchByBannerName -->
