<?xml version="1.0" encoding="UTF-8"?>
<!-- Generated by org.testng.reporters.JUnitReportReporter -->
<testsuite hostname="WBLL0921E4832" failures="0" tests="3" name="com.onmobile.vol.cataloghub.api.chat.GetAllCharts" time="0.822" errors="0" timestamp="2022-02-11T13:48:55 IST" skipped="0">
  <testcase classname="com.onmobile.vol.cataloghub.api.chat.GetAllCharts" name="NegativeGetAllCharts" time="0.237"/>
  <system-out/>
  <testcase classname="com.onmobile.vol.cataloghub.api.chat.GetAllCharts" name="NegativeGetAllCharts" time="0.207"/>
  <system-out/>
  <testcase classname="com.onmobile.vol.cataloghub.api.chat.GetAllCharts" name="getAllCharts" time="0.378"/>
  <system-out/>
</testsuite> <!-- com.onmobile.vol.cataloghub.api.chat.GetAllCharts -->
