<?xml version="1.0" encoding="UTF-8"?>
<!-- Generated by org.testng.reporters.JUnitReportReporter -->
<testsuite hostname="WBLL0921E4832" failures="0" tests="3" name="com.onmobile.vol.cataloghub.api.chat.GetAllCharts" time="1.953" errors="0" timestamp="2022-02-14T12:44:40 IST" skipped="0">
  <testcase classname="com.onmobile.vol.cataloghub.api.chat.GetAllCharts" name="NegativeGetAllCharts" time="1.158"/>
  <system-out/>
  <testcase classname="com.onmobile.vol.cataloghub.api.chat.GetAllCharts" name="getAllCharts" time="0.252"/>
  <system-out/>
  <testcase classname="com.onmobile.vol.cataloghub.api.chat.GetAllCharts" name="NegativeGetAllCharts" time="0.543"/>
  <system-out/>
</testsuite> <!-- com.onmobile.vol.cataloghub.api.chat.GetAllCharts -->
