<?xml version="1.0" encoding="UTF-8"?>
<!-- Generated by org.testng.reporters.JUnitReportReporter -->
<testsuite hostname="WBLL0921E4832" failures="0" tests="3" name="com.onmobile.vol.cataloghub.chartCollection.SearchByChartCollectionName" time="0.592" errors="0" timestamp="2022-02-11T14:13:02 IST" skipped="0">
  <testcase classname="com.onmobile.vol.cataloghub.chartCollection.SearchByChartCollectionName" name="getChartCollectionsNegativeTest" time="0.169"/>
  <system-out/>
  <testcase classname="com.onmobile.vol.cataloghub.chartCollection.SearchByChartCollectionName" name="searchChartByCollectionName" time="0.220"/>
  <system-out/>
  <testcase classname="com.onmobile.vol.cataloghub.chartCollection.SearchByChartCollectionName" name="getChartCollectionsNegativeTest" time="0.203"/>
  <system-out/>
</testsuite> <!-- com.onmobile.vol.cataloghub.chartCollection.SearchByChartCollectionName -->
