<?xml version="1.0" encoding="UTF-8"?>
<!-- Generated by org.testng.reporters.JUnitReportReporter -->
<testsuite hostname="WBLL0921E4832" failures="0" tests="3" name="com.onmobile.vol.cataloghub.api.bannerCollection.GetAllBannerCollections" time="9.797" errors="0" timestamp="2022-02-11T10:48:59 IST" skipped="0">
  <testcase classname="com.onmobile.vol.cataloghub.api.bannerCollection.GetAllBannerCollections" name="NegativeGetAllBanner" time="1.731"/>
  <system-out/>
  <testcase classname="com.onmobile.vol.cataloghub.api.bannerCollection.GetAllBannerCollections" name="NegativeGetAllBanner" time="3.710"/>
  <system-out/>
  <testcase classname="com.onmobile.vol.cataloghub.api.bannerCollection.GetAllBannerCollections" name="getAllBanner" time="4.356"/>
  <system-out/>
</testsuite> <!-- com.onmobile.vol.cataloghub.api.bannerCollection.GetAllBannerCollections -->
