<?xml version="1.0" encoding="UTF-8"?>
<!-- Generated by org.testng.reporters.JUnitReportReporter -->
<testsuite hostname="WBLL0921E4832" failures="0" tests="4" name="com.onmobile.vol.cataloghub.api.banner.SearchByBannerName" time="1.334" errors="0" timestamp="2022-02-21T16:53:11 IST" skipped="0">
  <testcase classname="com.onmobile.vol.cataloghub.api.banner.SearchByBannerName" name="searchBannerBynameNegative" time="0.847"/>
  <system-out/>
  <testcase classname="com.onmobile.vol.cataloghub.api.banner.SearchByBannerName" name="searchBannerBynameNegative" time="0.128"/>
  <system-out/>
  <testcase classname="com.onmobile.vol.cataloghub.api.banner.SearchByBannerName" name="searchBannerByname" time="0.177"/>
  <system-out/>
  <testcase classname="com.onmobile.vol.cataloghub.api.banner.SearchByBannerName" name="searchBannerBynameNegative" time="0.182"/>
  <system-out/>
</testsuite> <!-- com.onmobile.vol.cataloghub.api.banner.SearchByBannerName -->
