<?xml version="1.0" encoding="UTF-8"?>
<!-- Generated by org.testng.reporters.JUnitReportReporter -->
<testsuite hostname="WBLL0921E4832" failures="0" tests="1" name="com.onmobile.vol.cataloghub.api.chat.DeleteChartByID" time="0.223" errors="0" timestamp="2022-02-14T12:44:40 IST" skipped="0">
  <testcase classname="com.onmobile.vol.cataloghub.api.chat.DeleteChartByID" name="deleteChartById" time="0.223"/>
  <system-out/>
</testsuite> <!-- com.onmobile.vol.cataloghub.api.chat.DeleteChartByID -->
