<?xml version="1.0" encoding="UTF-8"?>
<!-- Generated by org.testng.reporters.JUnitReportReporter -->
<testsuite hostname="WBLL0921E4832" failures="0" tests="1" name="com.onmobile.vol.cataloghub.api.banner.DeleteBannerById" time="0.216" errors="0" timestamp="2022-02-11T13:29:35 IST" skipped="0">
  <testcase classname="com.onmobile.vol.cataloghub.api.banner.DeleteBannerById" name="deleteBannerByID" time="0.216"/>
  <system-out/>
</testsuite> <!-- com.onmobile.vol.cataloghub.api.banner.DeleteBannerById -->
