<?xml version="1.0" encoding="UTF-8"?>
<!-- Generated by org.testng.reporters.JUnitReportReporter -->
<testsuite hostname="WBLL0921E4832" failures="0" tests="3" name="com.onmobile.vol.cataloghub.api.banner.GetAllBanner" time="0.548" errors="0" timestamp="2022-02-14T12:44:40 IST" skipped="0">
  <testcase classname="com.onmobile.vol.cataloghub.api.banner.GetAllBanner" name="NegativeGetAllBanner" time="0.155"/>
  <system-out/>
  <testcase classname="com.onmobile.vol.cataloghub.api.banner.GetAllBanner" name="NegativeGetAllBanner" time="0.124"/>
  <system-out/>
  <testcase classname="com.onmobile.vol.cataloghub.api.banner.GetAllBanner" name="getAllBanners" time="0.269"/>
  <system-out/>
</testsuite> <!-- com.onmobile.vol.cataloghub.api.banner.GetAllBanner -->
