<?xml version="1.0" encoding="UTF-8"?>
<!-- Generated by org.testng.reporters.JUnitReportReporter -->
<testsuite hostname="WBLL0921E4832" failures="0" tests="5" name="com.onmobile.vol.cataloghub.api.chat.CreateChat" time="0.985" errors="0" timestamp="2022-02-22T16:35:30 IST" skipped="0">
  <testcase classname="com.onmobile.vol.cataloghub.api.chat.CreateChat" name="NegativeScenarioCreateChat" time="0.193"/>
  <system-out/>
  <testcase classname="com.onmobile.vol.cataloghub.api.chat.CreateChat" name="createChatByChatName" time="0.284"/>
  <system-out/>
  <testcase classname="com.onmobile.vol.cataloghub.api.chat.CreateChat" name="run" time="0.003"/>
  <system-out/>
  <testcase classname="com.onmobile.vol.cataloghub.api.chat.CreateChat" name="NegativeScenarioCreateChat" time="0.163"/>
  <system-out/>
  <testcase classname="com.onmobile.vol.cataloghub.api.chat.CreateChat" name="NegativeScenarioCreateChat" time="0.342"/>
  <system-out/>
</testsuite> <!-- com.onmobile.vol.cataloghub.api.chat.CreateChat -->
