<?xml version="1.0" encoding="UTF-8"?>
<!-- Generated by org.testng.reporters.JUnitReportReporter -->
<testsuite hostname="WBLL0921E4832" failures="0" tests="5" name="com.onmobile.vol.cataloghub.api.chartCollection.GetChartCollectionByID" time="0.688" errors="0" timestamp="2022-02-21T16:53:11 IST" skipped="0">
  <testcase classname="com.onmobile.vol.cataloghub.api.chartCollection.GetChartCollectionByID" name="getChartCollectionById_NegativeTest" time="0.116"/>
  <system-out/>
  <testcase classname="com.onmobile.vol.cataloghub.api.chartCollection.GetChartCollectionByID" name="getChartCollectionById_NegativeTest" time="0.141"/>
  <system-out/>
  <testcase classname="com.onmobile.vol.cataloghub.api.chartCollection.GetChartCollectionByID" name="getChartCollectionById_NegativeTest" time="0.117"/>
  <system-out/>
  <testcase classname="com.onmobile.vol.cataloghub.api.chartCollection.GetChartCollectionByID" name="getChartCollectionByID" time="0.155"/>
  <system-out/>
  <testcase classname="com.onmobile.vol.cataloghub.api.chartCollection.GetChartCollectionByID" name="getChartCollectionById_NegativeTest" time="0.159"/>
  <system-out/>
</testsuite> <!-- com.onmobile.vol.cataloghub.api.chartCollection.GetChartCollectionByID -->
