<?xml version="1.0" encoding="UTF-8"?>
<!-- Generated by org.testng.reporters.JUnitReportReporter -->
<testsuite hostname="WBLL0921E4832" failures="0" tests="3" name="com.onmobile.vol.cataloghub.chartCollection.SearchByChartCollectionName" time="0.524" errors="0" timestamp="2022-02-10T17:50:07 IST" skipped="0">
  <testcase classname="com.onmobile.vol.cataloghub.chartCollection.SearchByChartCollectionName" name="searchChartByCollectionName" time="0.191"/>
  <system-out/>
  <testcase classname="com.onmobile.vol.cataloghub.chartCollection.SearchByChartCollectionName" name="getThemeByThemeid_NegativeScenarios" time="0.150"/>
  <system-out/>
  <testcase classname="com.onmobile.vol.cataloghub.chartCollection.SearchByChartCollectionName" name="getThemeByThemeid_NegativeScenarios" time="0.183"/>
  <system-out/>
</testsuite> <!-- com.onmobile.vol.cataloghub.chartCollection.SearchByChartCollectionName -->
