<?xml version="1.0" encoding="UTF-8"?>
<!-- Generated by org.testng.reporters.JUnitReportReporter -->
<testsuite hostname="WBLL0921E4832" failures="0" tests="3" name="com.onmobile.vol.cataloghub.api.banner.GetBannerById" time="0.947" errors="0" timestamp="2022-02-11T11:45:55 IST" skipped="0">
  <testcase classname="com.onmobile.vol.cataloghub.api.banner.GetBannerById" name="getBannerByID" time="0.482"/>
  <system-out/>
  <testcase classname="com.onmobile.vol.cataloghub.api.banner.GetBannerById" name="getBannerById_NegativeScenarios" time="0.241"/>
  <system-out/>
  <testcase classname="com.onmobile.vol.cataloghub.api.banner.GetBannerById" name="getBannerById_NegativeScenarios" time="0.224"/>
  <system-out/>
</testsuite> <!-- com.onmobile.vol.cataloghub.api.banner.GetBannerById -->
