<?xml version="1.0" encoding="UTF-8"?>
<!-- Generated by org.testng.reporters.JUnitReportReporter -->
<testsuite hostname="WBLL0921E4832" failures="0" tests="3" name="com.onmobile.vol.cataloghub.chartCollection.CreateChartCollection" time="2.307" errors="0" timestamp="2022-02-11T14:13:02 IST" skipped="0">
  <testcase classname="com.onmobile.vol.cataloghub.chartCollection.CreateChartCollection" name="createChatByChatName" time="0.754"/>
  <system-out/>
  <testcase classname="com.onmobile.vol.cataloghub.chartCollection.CreateChartCollection" name="NegativeScenarioCreateChat" time="1.354"/>
  <system-out/>
  <testcase classname="com.onmobile.vol.cataloghub.chartCollection.CreateChartCollection" name="NegativeScenarioCreateChat" time="0.199"/>
  <system-out/>
</testsuite> <!-- com.onmobile.vol.cataloghub.chartCollection.CreateChartCollection -->
