<?xml version="1.0" encoding="UTF-8"?>
<!-- Generated by org.testng.reporters.JUnitReportReporter -->
<testsuite hostname="WBLL0921E4832" failures="0" tests="3" name="com.onmobile.vol.cataloghub.api.banner.GetAllBanner" time="0.992" errors="0" timestamp="2022-02-21T15:50:36 IST" skipped="0">
  <testcase classname="com.onmobile.vol.cataloghub.api.banner.GetAllBanner" name="NegativeGetAllBanner" time="0.190"/>
  <system-out/>
  <testcase classname="com.onmobile.vol.cataloghub.api.banner.GetAllBanner" name="getAllBanners" time="0.630"/>
  <system-out/>
  <testcase classname="com.onmobile.vol.cataloghub.api.banner.GetAllBanner" name="NegativeGetAllBanner" time="0.172"/>
  <system-out/>
</testsuite> <!-- com.onmobile.vol.cataloghub.api.banner.GetAllBanner -->
