<?xml version="1.0" encoding="UTF-8"?>
<!-- Generated by org.testng.reporters.JUnitReportReporter -->
<testsuite hostname="WBLL0921E4832" failures="0" tests="1" name="com.onmobile.vol.cataloghub.api.collectionThemes.UpdateThemeCollection" time="0.424" errors="0" timestamp="2022-02-11T15:23:19 IST" skipped="0">
  <testcase classname="com.onmobile.vol.cataloghub.api.collectionThemes.UpdateThemeCollection" name="updateTheme" time="0.424"/>
  <system-out/>
</testsuite> <!-- com.onmobile.vol.cataloghub.api.collectionThemes.UpdateThemeCollection -->
