<?xml version="1.0" encoding="UTF-8"?>
<!-- Generated by org.testng.reporters.JUnitReportReporter -->
<testsuite hostname="WBLL0921E4832" failures="0" tests="1" name="com.onmobile.vol.cataloghub.api.themes.UploadThemeImage" time="25.371" errors="0" timestamp="2022-02-14T12:44:40 IST" skipped="0">
  <testcase classname="com.onmobile.vol.cataloghub.api.themes.UploadThemeImage" name="uploadThemeImage" time="25.371"/>
  <system-out/>
</testsuite> <!-- com.onmobile.vol.cataloghub.api.themes.UploadThemeImage -->
