<?xml version="1.0" encoding="UTF-8"?>
<!-- Generated by org.testng.reporters.JUnitReportReporter -->
<testsuite hostname="WBLL0921E4832" failures="0" tests="3" name="com.onmobile.vol.cataloghub.api.chartCollection.GetAllChartCollections" time="1.438" errors="0" timestamp="2022-02-21T16:53:10 IST" skipped="0">
  <testcase classname="com.onmobile.vol.cataloghub.api.chartCollection.GetAllChartCollections" name="NegativeGetAllBanner" time="0.117"/>
  <system-out/>
  <testcase classname="com.onmobile.vol.cataloghub.api.chartCollection.GetAllChartCollections" name="getAllChartCollection" time="1.185"/>
  <system-out/>
  <testcase classname="com.onmobile.vol.cataloghub.api.chartCollection.GetAllChartCollections" name="NegativeGetAllBanner" time="0.136"/>
  <system-out/>
</testsuite> <!-- com.onmobile.vol.cataloghub.api.chartCollection.GetAllChartCollections -->
