<?xml version="1.0" encoding="UTF-8"?>
<!-- Generated by org.testng.reporters.JUnitReportReporter -->
<testsuite hostname="WBLL0921E4832" failures="0" tests="3" name="com.onmobile.vol.cataloghub.api.themes.SearchByThemeName" time="1.274" errors="0" timestamp="2022-02-14T12:44:40 IST" skipped="0">
  <testcase classname="com.onmobile.vol.cataloghub.api.themes.SearchByThemeName" name="searchThemeByThemeNameNegativeScenarioes" time="0.288"/>
  <system-out/>
  <testcase classname="com.onmobile.vol.cataloghub.api.themes.SearchByThemeName" name="validateSearchThemeByThemeName" time="0.285"/>
  <system-out/>
  <testcase classname="com.onmobile.vol.cataloghub.api.themes.SearchByThemeName" name="searchThemeByThemeNameNegativeScenarioes" time="0.701"/>
  <system-out/>
</testsuite> <!-- com.onmobile.vol.cataloghub.api.themes.SearchByThemeName -->
