<?xml version="1.0" encoding="UTF-8"?>
<!-- Generated by org.testng.reporters.JUnitReportReporter -->
<testsuite hostname="WBLL0921E4832" failures="0" tests="4" name="com.onmobile.vol.cataloghub.api.banner.SearchByBannerName" time="1.166" errors="0" timestamp="2022-02-21T15:50:36 IST" skipped="0">
  <testcase classname="com.onmobile.vol.cataloghub.api.banner.SearchByBannerName" name="searchBannerBynameNegative" time="0.188"/>
  <system-out/>
  <testcase classname="com.onmobile.vol.cataloghub.api.banner.SearchByBannerName" name="searchBannerBynameNegative" time="0.398"/>
  <system-out/>
  <testcase classname="com.onmobile.vol.cataloghub.api.banner.SearchByBannerName" name="searchBannerBynameNegative" time="0.282"/>
  <system-out/>
  <testcase classname="com.onmobile.vol.cataloghub.api.banner.SearchByBannerName" name="searchBannerByname" time="0.298"/>
  <system-out/>
</testsuite> <!-- com.onmobile.vol.cataloghub.api.banner.SearchByBannerName -->
