<?xml version="1.0" encoding="UTF-8"?>
<!-- Generated by org.testng.reporters.JUnitReportReporter -->
<testsuite hostname="WBLL0921E4832" failures="0" tests="3" name="com.onmobile.vol.cataloghub.api.themes.SearchByThemeName" time="0.500" errors="0" timestamp="2022-02-21T16:53:10 IST" skipped="0">
  <testcase classname="com.onmobile.vol.cataloghub.api.themes.SearchByThemeName" name="searchThemeByThemeNameNegativeScenarioes" time="0.149"/>
  <system-out/>
  <testcase classname="com.onmobile.vol.cataloghub.api.themes.SearchByThemeName" name="validateSearchThemeByThemeName" time="0.209"/>
  <system-out/>
  <testcase classname="com.onmobile.vol.cataloghub.api.themes.SearchByThemeName" name="searchThemeByThemeNameNegativeScenarioes" time="0.142"/>
  <system-out/>
</testsuite> <!-- com.onmobile.vol.cataloghub.api.themes.SearchByThemeName -->
