<?xml version="1.0" encoding="UTF-8"?>
<!-- Generated by org.testng.reporters.JUnitReportReporter -->
<testsuite hostname="WBLL0921E4832" failures="0" tests="4" name="com.onmobile.vol.cataloghub.api.collectionThemes.SearchByThemeCollectionName" time="1.708" errors="0" timestamp="2022-02-14T12:44:40 IST" skipped="0">
  <testcase classname="com.onmobile.vol.cataloghub.api.collectionThemes.SearchByThemeCollectionName" name="searchThemeCollectionNegativeScenarioes" time="0.179"/>
  <system-out/>
  <testcase classname="com.onmobile.vol.cataloghub.api.collectionThemes.SearchByThemeCollectionName" name="searchThemeCollectionNegativeScenarioes" time="0.369"/>
  <system-out/>
  <testcase classname="com.onmobile.vol.cataloghub.api.collectionThemes.SearchByThemeCollectionName" name="searchThemeCollectionNegativeScenarioes" time="0.659"/>
  <system-out/>
  <testcase classname="com.onmobile.vol.cataloghub.api.collectionThemes.SearchByThemeCollectionName" name="searchThemeCollection" time="0.501"/>
  <system-out/>
</testsuite> <!-- com.onmobile.vol.cataloghub.api.collectionThemes.SearchByThemeCollectionName -->
