<?xml version="1.0" encoding="UTF-8"?>
<!-- Generated by org.testng.reporters.JUnitReportReporter -->
<testsuite hostname="WBLL0921E4832" failures="0" tests="1" name="com.onmobile.vol.cataloghub.api.bannerCollection.CreateBannerCollection" time="2.441" errors="0" timestamp="2022-02-11T11:15:45 IST" skipped="0">
  <testcase classname="com.onmobile.vol.cataloghub.api.bannerCollection.CreateBannerCollection" name="createChatByChatName" time="2.441"/>
  <system-out/>
</testsuite> <!-- com.onmobile.vol.cataloghub.api.bannerCollection.CreateBannerCollection -->
