<?xml version="1.0" encoding="UTF-8"?>
<!-- Generated by org.testng.reporters.JUnitReportReporter -->
<testsuite hostname="WBLL0921E4832" failures="0" tests="4" name="com.onmobile.vol.cataloghub.api.banner.SearchByBannerName" time="0.951" errors="0" timestamp="2022-02-11T13:29:35 IST" skipped="0">
  <testcase classname="com.onmobile.vol.cataloghub.api.banner.SearchByBannerName" name="searchBannerBynameNegative" time="0.184"/>
  <system-out/>
  <testcase classname="com.onmobile.vol.cataloghub.api.banner.SearchByBannerName" name="searchBannerBynameNegative" time="0.287"/>
  <system-out/>
  <testcase classname="com.onmobile.vol.cataloghub.api.banner.SearchByBannerName" name="searchBannerByname" time="0.222"/>
  <system-out/>
  <testcase classname="com.onmobile.vol.cataloghub.api.banner.SearchByBannerName" name="searchBannerBynameNegative" time="0.258"/>
  <system-out/>
</testsuite> <!-- com.onmobile.vol.cataloghub.api.banner.SearchByBannerName -->
