<?xml version="1.0" encoding="UTF-8"?>
<!-- Generated by org.testng.reporters.JUnitReportReporter -->
<testsuite hostname="WBLL0921E4832" failures="0" tests="5" name="com.onmobile.vol.cataloghub.api.faq.GetFaq" time="0.724" errors="0" timestamp="2022-02-10T17:50:07 IST" skipped="0">
  <testcase classname="com.onmobile.vol.cataloghub.api.faq.GetFaq" name="getBannerById_NegativeScenarios" time="0.142"/>
  <system-out/>
  <testcase classname="com.onmobile.vol.cataloghub.api.faq.GetFaq" name="getBannerById_NegativeScenarios" time="0.131"/>
  <system-out/>
  <testcase classname="com.onmobile.vol.cataloghub.api.faq.GetFaq" name="getBannerById_NegativeScenarios" time="0.139"/>
  <system-out/>
  <testcase classname="com.onmobile.vol.cataloghub.api.faq.GetFaq" name="getBannerById_NegativeScenarios" time="0.139"/>
  <system-out/>
  <testcase classname="com.onmobile.vol.cataloghub.api.faq.GetFaq" name="getBannerByID" time="0.173"/>
  <system-out/>
</testsuite> <!-- com.onmobile.vol.cataloghub.api.faq.GetFaq -->
