<?xml version="1.0" encoding="UTF-8"?>
<!-- Generated by org.testng.reporters.JUnitReportReporter -->
<testsuite hostname="WBLL0921E4832" failures="0" tests="3" name="co.onmobile.api.catalog_service.tests.Themes" time="4.780" errors="0" timestamp="2021-11-19T13:28:46 IST" skipped="0">
  <testcase classname="co.onmobile.api.catalog_service.tests.Themes" name="validateThemesRequest_nav" time="0.228"/>
  <system-out/>
  <testcase classname="co.onmobile.api.catalog_service.tests.Themes" name="validateThemesRequest_nav" time="0.436"/>
  <system-out/>
  <testcase classname="co.onmobile.api.catalog_service.tests.Themes" name="validateThemesRequest" time="4.116"/>
  <system-out/>
</testsuite> <!-- co.onmobile.api.catalog_service.tests.Themes -->
