<?xml version="1.0" encoding="UTF-8"?>
<!-- Generated by org.testng.reporters.JUnitReportReporter -->
<testsuite hostname="WBLL0921E4832" failures="0" tests="6" name="com.onmobile.vol.cataloghub.api.collectionThemes.GetThemeCollectionByID" time="0.940" errors="0" timestamp="2022-02-21T16:53:10 IST" skipped="0">
  <testcase classname="com.onmobile.vol.cataloghub.api.collectionThemes.GetThemeCollectionByID" name="InvalidThemeCollection" time="0.142"/>
  <system-out/>
  <testcase classname="com.onmobile.vol.cataloghub.api.collectionThemes.GetThemeCollectionByID" name="InvalidThemeCollection" time="0.137"/>
  <system-out/>
  <testcase classname="com.onmobile.vol.cataloghub.api.collectionThemes.GetThemeCollectionByID" name="InvalidThemeCollection" time="0.148"/>
  <system-out/>
  <testcase classname="com.onmobile.vol.cataloghub.api.collectionThemes.GetThemeCollectionByID" name="getThemeCollection" time="0.205"/>
  <system-out/>
  <testcase classname="com.onmobile.vol.cataloghub.api.collectionThemes.GetThemeCollectionByID" name="InvalidThemeCollection" time="0.148"/>
  <system-out/>
  <testcase classname="com.onmobile.vol.cataloghub.api.collectionThemes.GetThemeCollectionByID" name="InvalidThemeCollection" time="0.160"/>
  <system-out/>
</testsuite> <!-- com.onmobile.vol.cataloghub.api.collectionThemes.GetThemeCollectionByID -->
