<?xml version="1.0" encoding="UTF-8"?>
<!-- Generated by org.testng.reporters.JUnitReportReporter -->
<testsuite hostname="WBLL0921E4832" failures="0" tests="4" name="com.onmobile.vol.cataloghub.api.bannerCollection.SearchBannerCollectionByName" time="0.548" errors="0" timestamp="2022-02-22T16:35:30 IST" skipped="0">
  <testcase classname="com.onmobile.vol.cataloghub.api.bannerCollection.SearchBannerCollectionByName" name="searchBannerCollectionBynameNegative" time="0.184"/>
  <system-out/>
  <testcase classname="com.onmobile.vol.cataloghub.api.bannerCollection.SearchBannerCollectionByName" name="run" time="0.000"/>
  <system-out/>
  <testcase classname="com.onmobile.vol.cataloghub.api.bannerCollection.SearchBannerCollectionByName" name="searchBannerCollectionByname" time="0.211"/>
  <system-out/>
  <testcase classname="com.onmobile.vol.cataloghub.api.bannerCollection.SearchBannerCollectionByName" name="searchBannerCollectionBynameNegative" time="0.153"/>
  <system-out/>
</testsuite> <!-- com.onmobile.vol.cataloghub.api.bannerCollection.SearchBannerCollectionByName -->
