<?xml version="1.0" encoding="UTF-8"?>
<!-- Generated by org.testng.reporters.JUnitReportReporter -->
<testsuite hostname="WBLL0921E4832" failures="0" tests="6" name="com.onmobile.vol.cataloghub.api.collectionThemes.GetThemeCollectionByID" time="1.194" errors="0" timestamp="2022-02-21T15:50:36 IST" skipped="0">
  <testcase classname="com.onmobile.vol.cataloghub.api.collectionThemes.GetThemeCollectionByID" name="InvalidThemeCollection" time="0.186"/>
  <system-out/>
  <testcase classname="com.onmobile.vol.cataloghub.api.collectionThemes.GetThemeCollectionByID" name="InvalidThemeCollection" time="0.185"/>
  <system-out/>
  <testcase classname="com.onmobile.vol.cataloghub.api.collectionThemes.GetThemeCollectionByID" name="InvalidThemeCollection" time="0.195"/>
  <system-out/>
  <testcase classname="com.onmobile.vol.cataloghub.api.collectionThemes.GetThemeCollectionByID" name="InvalidThemeCollection" time="0.182"/>
  <system-out/>
  <testcase classname="com.onmobile.vol.cataloghub.api.collectionThemes.GetThemeCollectionByID" name="getThemeCollection" time="0.255"/>
  <system-out/>
  <testcase classname="com.onmobile.vol.cataloghub.api.collectionThemes.GetThemeCollectionByID" name="InvalidThemeCollection" time="0.191"/>
  <system-out/>
</testsuite> <!-- com.onmobile.vol.cataloghub.api.collectionThemes.GetThemeCollectionByID -->
