<?xml version="1.0" encoding="UTF-8"?>
<!-- Generated by org.testng.reporters.JUnitReportReporter -->
<testsuite hostname="WBLL0921E4832" failures="0" tests="3" name="com.onmobile.vol.cataloghub.api.chartCollection.CreateChartCollection" time="0.468" errors="0" timestamp="2022-02-21T16:53:10 IST" skipped="0">
  <testcase classname="com.onmobile.vol.cataloghub.api.chartCollection.CreateChartCollection" name="createChatByChatName" time="0.181"/>
  <system-out/>
  <testcase classname="com.onmobile.vol.cataloghub.api.chartCollection.CreateChartCollection" name="NegativeScenarioCreateChat" time="0.132"/>
  <system-out/>
  <testcase classname="com.onmobile.vol.cataloghub.api.chartCollection.CreateChartCollection" name="NegativeScenarioCreateChat" time="0.155"/>
  <system-out/>
</testsuite> <!-- com.onmobile.vol.cataloghub.api.chartCollection.CreateChartCollection -->
