<?xml version="1.0" encoding="UTF-8"?>
<!-- Generated by org.testng.reporters.JUnitReportReporter -->
<testsuite hostname="WBLL0921E4832" failures="0" tests="3" name="com.onmobile.vol.cataloghub.chartCollection.CreateChartCollection" time="0.502" errors="0" timestamp="2022-02-14T12:44:40 IST" skipped="0">
  <testcase classname="com.onmobile.vol.cataloghub.chartCollection.CreateChartCollection" name="NegativeScenarioCreateChat" time="0.160"/>
  <system-out/>
  <testcase classname="com.onmobile.vol.cataloghub.chartCollection.CreateChartCollection" name="createChatByChatName" time="0.185"/>
  <system-out/>
  <testcase classname="com.onmobile.vol.cataloghub.chartCollection.CreateChartCollection" name="NegativeScenarioCreateChat" time="0.157"/>
  <system-out/>
</testsuite> <!-- com.onmobile.vol.cataloghub.chartCollection.CreateChartCollection -->
