<?xml version="1.0" encoding="UTF-8"?>
<!-- Generated by org.testng.reporters.JUnitReportReporter -->
<testsuite hostname="WBLL0921E4832" failures="0" tests="5" name="com.onmobile.vol.cataloghub.api.banner.SearchByBannerName" time="0.913" errors="0" timestamp="2022-02-22T16:35:30 IST" skipped="0">
  <testcase classname="com.onmobile.vol.cataloghub.api.banner.SearchByBannerName" name="searchBannerBynameNegative" time="0.271"/>
  <system-out/>
  <testcase classname="com.onmobile.vol.cataloghub.api.banner.SearchByBannerName" name="searchBannerByname" time="0.237"/>
  <system-out/>
  <testcase classname="com.onmobile.vol.cataloghub.api.banner.SearchByBannerName" name="run" time="0.004"/>
  <system-out/>
  <testcase classname="com.onmobile.vol.cataloghub.api.banner.SearchByBannerName" name="searchBannerBynameNegative" time="0.181"/>
  <system-out/>
  <testcase classname="com.onmobile.vol.cataloghub.api.banner.SearchByBannerName" name="searchBannerBynameNegative" time="0.220"/>
  <system-out/>
</testsuite> <!-- com.onmobile.vol.cataloghub.api.banner.SearchByBannerName -->
