<?xml version="1.0" encoding="UTF-8"?>
<!-- Generated by org.testng.reporters.JUnitReportReporter -->
<testsuite hostname="WBLL0921E4832" failures="0" tests="1" name="com.onmobile.vol.cataloghub.chartCollection.DeleteChartCollectionByID" time="0.133" errors="0" timestamp="2022-02-14T12:44:40 IST" skipped="0">
  <testcase classname="com.onmobile.vol.cataloghub.chartCollection.DeleteChartCollectionByID" name="deleteChartCollectionById" time="0.133"/>
  <system-out/>
</testsuite> <!-- com.onmobile.vol.cataloghub.chartCollection.DeleteChartCollectionByID -->
