<?xml version="1.0" encoding="UTF-8"?>
<!-- Generated by org.testng.reporters.JUnitReportReporter -->
<testsuite hostname="WBLL0921E4832" failures="0" tests="4" name="com.onmobile.vol.cataloghub.api.chartCollection.SearchByChartCollectionName" time="0.495" errors="0" timestamp="2022-02-22T16:35:30 IST" skipped="0">
  <testcase classname="com.onmobile.vol.cataloghub.api.chartCollection.SearchByChartCollectionName" name="getChartCollectionsNegativeTest" time="0.161"/>
  <system-out/>
  <testcase classname="com.onmobile.vol.cataloghub.api.chartCollection.SearchByChartCollectionName" name="getChartCollectionsNegativeTest" time="0.144"/>
  <system-out/>
  <testcase classname="com.onmobile.vol.cataloghub.api.chartCollection.SearchByChartCollectionName" name="searchChartByCollectionName" time="0.188"/>
  <system-out/>
  <testcase classname="com.onmobile.vol.cataloghub.api.chartCollection.SearchByChartCollectionName" name="run" time="0.002"/>
  <system-out/>
</testsuite> <!-- com.onmobile.vol.cataloghub.api.chartCollection.SearchByChartCollectionName -->
