<?xml version="1.0" encoding="UTF-8"?>
<!-- Generated by org.testng.reporters.JUnitReportReporter -->
<testsuite hostname="WBLL0921E4832" failures="0" tests="1" name="com.onmobile.vol.cataloghub.api.faq.CreateFaq" time="2.200" errors="0" timestamp="2022-02-11T14:18:40 IST" skipped="0">
  <testcase classname="com.onmobile.vol.cataloghub.api.faq.CreateFaq" name="createChatByChatName" time="2.200"/>
  <system-out/>
</testsuite> <!-- com.onmobile.vol.cataloghub.api.faq.CreateFaq -->
