<?xml version="1.0" encoding="UTF-8"?>
<!-- Generated by org.testng.reporters.JUnitReportReporter -->
<testsuite hostname="WBLL0921E4832" failures="0" tests="4" name="com.onmobile.vol.cataloghub.api.banner.GetAllBanner" time="0.801" errors="0" timestamp="2022-02-22T16:35:30 IST" skipped="0">
  <testcase classname="com.onmobile.vol.cataloghub.api.banner.GetAllBanner" name="NegativeGetAllBanner" time="0.159"/>
  <system-out/>
  <testcase classname="com.onmobile.vol.cataloghub.api.banner.GetAllBanner" name="run" time="0.003"/>
  <system-out/>
  <testcase classname="com.onmobile.vol.cataloghub.api.banner.GetAllBanner" name="NegativeGetAllBanner" time="0.150"/>
  <system-out/>
  <testcase classname="com.onmobile.vol.cataloghub.api.banner.GetAllBanner" name="getAllBanners" time="0.489"/>
  <system-out/>
</testsuite> <!-- com.onmobile.vol.cataloghub.api.banner.GetAllBanner -->
