<?xml version="1.0" encoding="UTF-8"?>
<!-- Generated by org.testng.reporters.JUnitReportReporter -->
<testsuite hostname="WBLL0921E4832" failures="0" tests="1" name="co.onmobile.api.catalog_service.tests.GetThemeAttributes" time="0.909" errors="0" timestamp="2021-11-19T13:28:46 IST" skipped="0">
  <testcase classname="co.onmobile.api.catalog_service.tests.GetThemeAttributes" name="getAttributes" time="0.909"/>
  <system-out/>
</testsuite> <!-- co.onmobile.api.catalog_service.tests.GetThemeAttributes -->
