<?xml version="1.0" encoding="UTF-8"?>
<!-- Generated by org.testng.reporters.JUnitReportReporter -->
<testsuite hostname="WBLL0921E4832" failures="0" tests="4" name="com.onmobile.vol.cataloghub.api.bannerCollection.GetBannerCollectionByID" time="1.664" errors="0" timestamp="2022-02-11T10:37:51 IST" skipped="0">
  <testcase classname="com.onmobile.vol.cataloghub.api.bannerCollection.GetBannerCollectionByID" name="getBannerById_NegativeScenarios" time="0.253"/>
  <system-out/>
  <testcase classname="com.onmobile.vol.cataloghub.api.bannerCollection.GetBannerCollectionByID" name="getBannerById_NegativeScenarios" time="0.282"/>
  <system-out/>
  <testcase classname="com.onmobile.vol.cataloghub.api.bannerCollection.GetBannerCollectionByID" name="getBannerCollectionById" time="0.811"/>
  <system-out/>
  <testcase classname="com.onmobile.vol.cataloghub.api.bannerCollection.GetBannerCollectionByID" name="getBannerById_NegativeScenarios" time="0.318"/>
  <system-out/>
</testsuite> <!-- com.onmobile.vol.cataloghub.api.bannerCollection.GetBannerCollectionByID -->
