<?xml version="1.0" encoding="UTF-8"?>
<!-- Generated by org.testng.reporters.JUnitReportReporter -->
<testsuite hostname="WBLL0921E4832" failures="0" tests="3" name="com.onmobile.vol.cataloghub.api.themes.SearchByThemeName" time="0.801" errors="0" timestamp="2022-02-11T15:23:19 IST" skipped="0">
  <testcase classname="com.onmobile.vol.cataloghub.api.themes.SearchByThemeName" name="validateSearchThemeByThemeName" time="0.309"/>
  <system-out/>
  <testcase classname="com.onmobile.vol.cataloghub.api.themes.SearchByThemeName" name="searchThemeByThemeNameNegativeScenarioes" time="0.248"/>
  <system-out/>
  <testcase classname="com.onmobile.vol.cataloghub.api.themes.SearchByThemeName" name="searchThemeByThemeNameNegativeScenarioes" time="0.244"/>
  <system-out/>
</testsuite> <!-- com.onmobile.vol.cataloghub.api.themes.SearchByThemeName -->
