<?xml version="1.0" encoding="UTF-8"?>
<!-- Generated by org.testng.reporters.JUnitReportReporter -->
<testsuite hostname="WBLL0921E4832" failures="0" tests="3" name="com.onmobile.vol.cataloghub.api.chartCollection.SearchByChartCollectionName" time="0.447" errors="0" timestamp="2022-02-21T16:53:10 IST" skipped="0">
  <testcase classname="com.onmobile.vol.cataloghub.api.chartCollection.SearchByChartCollectionName" name="searchChartByCollectionName" time="0.163"/>
  <system-out/>
  <testcase classname="com.onmobile.vol.cataloghub.api.chartCollection.SearchByChartCollectionName" name="getChartCollectionsNegativeTest" time="0.140"/>
  <system-out/>
  <testcase classname="com.onmobile.vol.cataloghub.api.chartCollection.SearchByChartCollectionName" name="getChartCollectionsNegativeTest" time="0.144"/>
  <system-out/>
</testsuite> <!-- com.onmobile.vol.cataloghub.api.chartCollection.SearchByChartCollectionName -->
