<?xml version="1.0" encoding="UTF-8"?>
<!-- Generated by org.testng.reporters.JUnitReportReporter -->
<testsuite hostname="WBLL0921E4832" failures="0" tests="4" name="com.onmobile.vol.cataloghub.api.bannerCollection.GetBannerCollectionByID" time="0.650" errors="0" timestamp="2022-02-14T12:44:40 IST" skipped="0">
  <testcase classname="com.onmobile.vol.cataloghub.api.bannerCollection.GetBannerCollectionByID" name="getBannerCollectionsByID_NegativeScenarios" time="0.158"/>
  <system-out/>
  <testcase classname="com.onmobile.vol.cataloghub.api.bannerCollection.GetBannerCollectionByID" name="getBannerCollectionsByID_NegativeScenarios" time="0.136"/>
  <system-out/>
  <testcase classname="com.onmobile.vol.cataloghub.api.bannerCollection.GetBannerCollectionByID" name="getBannerCollectionsByID_NegativeScenarios" time="0.139"/>
  <system-out/>
  <testcase classname="com.onmobile.vol.cataloghub.api.bannerCollection.GetBannerCollectionByID" name="getBannerCollectionsById" time="0.217"/>
  <system-out/>
</testsuite> <!-- com.onmobile.vol.cataloghub.api.bannerCollection.GetBannerCollectionByID -->
