<?xml version="1.0" encoding="UTF-8"?>
<!-- Generated by org.testng.reporters.JUnitReportReporter -->
<testsuite hostname="WBLL0921E4832" failures="0" tests="6" name="com.onmobile.vol.cataloghub.api.chartCollection.GetChartCollectionByID" time="0.833" errors="0" timestamp="2022-02-22T16:35:30 IST" skipped="0">
  <testcase classname="com.onmobile.vol.cataloghub.api.chartCollection.GetChartCollectionByID" name="getChartCollectionById_NegativeTest" time="0.165"/>
  <system-out/>
  <testcase classname="com.onmobile.vol.cataloghub.api.chartCollection.GetChartCollectionByID" name="getChartCollectionById_NegativeTest" time="0.155"/>
  <system-out/>
  <testcase classname="com.onmobile.vol.cataloghub.api.chartCollection.GetChartCollectionByID" name="getChartCollectionById_NegativeTest" time="0.151"/>
  <system-out/>
  <testcase classname="com.onmobile.vol.cataloghub.api.chartCollection.GetChartCollectionByID" name="run" time="0.001"/>
  <system-out/>
  <testcase classname="com.onmobile.vol.cataloghub.api.chartCollection.GetChartCollectionByID" name="getChartCollectionById_NegativeTest" time="0.168"/>
  <system-out/>
  <testcase classname="com.onmobile.vol.cataloghub.api.chartCollection.GetChartCollectionByID" name="getChartCollectionByID" time="0.193"/>
  <system-out/>
</testsuite> <!-- com.onmobile.vol.cataloghub.api.chartCollection.GetChartCollectionByID -->
