<?xml version="1.0" encoding="UTF-8"?>
<!-- Generated by org.testng.reporters.JUnitReportReporter -->
<testsuite hostname="WBLL0921E4832" failures="0" tests="4" name="com.onmobile.vol.cataloghub.api.banner.GetBannerById" time="0.692" errors="0" timestamp="2022-02-22T16:35:30 IST" skipped="0">
  <testcase classname="com.onmobile.vol.cataloghub.api.banner.GetBannerById" name="getBannerByID" time="0.276"/>
  <system-out/>
  <testcase classname="com.onmobile.vol.cataloghub.api.banner.GetBannerById" name="getBannerById_NegativeScenarios" time="0.196"/>
  <system-out/>
  <testcase classname="com.onmobile.vol.cataloghub.api.banner.GetBannerById" name="run" time="0.003"/>
  <system-out/>
  <testcase classname="com.onmobile.vol.cataloghub.api.banner.GetBannerById" name="getBannerById_NegativeScenarios" time="0.217"/>
  <system-out/>
</testsuite> <!-- com.onmobile.vol.cataloghub.api.banner.GetBannerById -->
