<?xml version="1.0" encoding="UTF-8"?>
<!-- Generated by org.testng.reporters.JUnitReportReporter -->
<testsuite hostname="WBLL0921E4832" failures="0" tests="3" name="com.onmobile.vol.cataloghub.api.chat.GetAllCharts" time="3.401" errors="0" timestamp="2022-02-21T16:53:11 IST" skipped="0">
  <testcase classname="com.onmobile.vol.cataloghub.api.chat.GetAllCharts" name="getAllCharts" time="3.158"/>
  <system-out/>
  <testcase classname="com.onmobile.vol.cataloghub.api.chat.GetAllCharts" name="NegativeGetAllCharts" time="0.128"/>
  <system-out/>
  <testcase classname="com.onmobile.vol.cataloghub.api.chat.GetAllCharts" name="NegativeGetAllCharts" time="0.115"/>
  <system-out/>
</testsuite> <!-- com.onmobile.vol.cataloghub.api.chat.GetAllCharts -->
