<?xml version="1.0" encoding="UTF-8"?>
<!-- Generated by org.testng.reporters.JUnitReportReporter -->
<testsuite hostname="WBLL0921E4832" failures="0" tests="3" name="com.onmobile.vol.cataloghub.api.banner.GetAllBanner" time="1.363" errors="0" timestamp="2022-02-11T11:45:55 IST" skipped="0">
  <testcase classname="com.onmobile.vol.cataloghub.api.banner.GetAllBanner" name="NegativeGetAllBanner" time="0.303"/>
  <system-out/>
  <testcase classname="com.onmobile.vol.cataloghub.api.banner.GetAllBanner" name="NegativeGetAllBanner" time="0.266"/>
  <system-out/>
  <testcase classname="com.onmobile.vol.cataloghub.api.banner.GetAllBanner" name="getAllBanner" time="0.794"/>
  <system-out/>
</testsuite> <!-- com.onmobile.vol.cataloghub.api.banner.GetAllBanner -->
