<?xml version="1.0" encoding="UTF-8"?>
<!-- Generated by org.testng.reporters.JUnitReportReporter -->
<testsuite hostname="WBLL0921E4832" failures="0" tests="3" name="com.onmobile.vol.cataloghub.api.chat.SearchByChartName" time="0.456" errors="0" timestamp="2022-02-10T17:50:07 IST" skipped="0">
  <testcase classname="com.onmobile.vol.cataloghub.api.chat.SearchByChartName" name="getThemeByThemeid_NegativeScenarios" time="0.138"/>
  <system-out/>
  <testcase classname="com.onmobile.vol.cataloghub.api.chat.SearchByChartName" name="getThemeByThemeid_NegativeScenarios" time="0.162"/>
  <system-out/>
  <testcase classname="com.onmobile.vol.cataloghub.api.chat.SearchByChartName" name="searchChartByCollectionName" time="0.156"/>
  <system-out/>
</testsuite> <!-- com.onmobile.vol.cataloghub.api.chat.SearchByChartName -->
