<?xml version="1.0" encoding="UTF-8"?>
<!-- Generated by org.testng.reporters.JUnitReportReporter -->
<testsuite hostname="WBLL0921E4832" failures="0" tests="5" name="com.onmobile.vol.cataloghub.api.faq.GetFaq" time="0.742" errors="0" timestamp="2022-02-21T16:53:10 IST" skipped="0">
  <testcase classname="com.onmobile.vol.cataloghub.api.faq.GetFaq" name="getFaqByFaqIdNegativeTest" time="0.138"/>
  <system-out/>
  <testcase classname="com.onmobile.vol.cataloghub.api.faq.GetFaq" name="getFaqByFaqIdNegativeTest" time="0.152"/>
  <system-out/>
  <testcase classname="com.onmobile.vol.cataloghub.api.faq.GetFaq" name="getFaqByFaqId" time="0.169"/>
  <system-out/>
  <testcase classname="com.onmobile.vol.cataloghub.api.faq.GetFaq" name="getFaqByFaqIdNegativeTest" time="0.135"/>
  <system-out/>
  <testcase classname="com.onmobile.vol.cataloghub.api.faq.GetFaq" name="getFaqByFaqIdNegativeTest" time="0.148"/>
  <system-out/>
</testsuite> <!-- com.onmobile.vol.cataloghub.api.faq.GetFaq -->
