<?xml version="1.0" encoding="UTF-8"?>
<!-- Generated by org.testng.reporters.JUnitReportReporter -->
<testsuite hostname="WBLL0921E4832" failures="0" tests="2" name="com.onmobile.vol.cataloghub.api.themes.DeleteThemeByID" time="0.204" errors="0" timestamp="2022-02-22T16:35:30 IST" skipped="0">
  <testcase classname="com.onmobile.vol.cataloghub.api.themes.DeleteThemeByID" name="deleteThemeID" time="0.201"/>
  <system-out/>
  <testcase classname="com.onmobile.vol.cataloghub.api.themes.DeleteThemeByID" name="run" time="0.003"/>
  <system-out/>
</testsuite> <!-- com.onmobile.vol.cataloghub.api.themes.DeleteThemeByID -->
