<?xml version="1.0" encoding="UTF-8"?>
<!-- Generated by org.testng.reporters.JUnitReportReporter -->
<testsuite hostname="WBLL0921E4832" failures="0" tests="1" name="com.onmobile.vol.cataloghub.api.imageupload.UploadThemeImage" time="29.261" errors="0" timestamp="2022-02-10T17:50:07 IST" skipped="0">
  <testcase classname="com.onmobile.vol.cataloghub.api.imageupload.UploadThemeImage" name="uploadThemeImage" time="29.261"/>
  <system-out/>
</testsuite> <!-- com.onmobile.vol.cataloghub.api.imageupload.UploadThemeImage -->
