<?xml version="1.0" encoding="UTF-8"?>
<!-- Generated by org.testng.reporters.JUnitReportReporter -->
<testsuite hostname="WBLL0921E4832" failures="0" tests="5" name="com.onmobile.vol.cataloghub.chartCollection.GetChartCollectionByID" time="0.745" errors="0" timestamp="2022-02-14T12:44:40 IST" skipped="0">
  <testcase classname="com.onmobile.vol.cataloghub.chartCollection.GetChartCollectionByID" name="getChartCollectionById_NegativeTest" time="0.158"/>
  <system-out/>
  <testcase classname="com.onmobile.vol.cataloghub.chartCollection.GetChartCollectionByID" name="getChartCollectionById_NegativeTest" time="0.124"/>
  <system-out/>
  <testcase classname="com.onmobile.vol.cataloghub.chartCollection.GetChartCollectionByID" name="getChartCollectionById_NegativeTest" time="0.133"/>
  <system-out/>
  <testcase classname="com.onmobile.vol.cataloghub.chartCollection.GetChartCollectionByID" name="getChartCollectionById_NegativeTest" time="0.141"/>
  <system-out/>
  <testcase classname="com.onmobile.vol.cataloghub.chartCollection.GetChartCollectionByID" name="getChartCollectionByID" time="0.189"/>
  <system-out/>
</testsuite> <!-- com.onmobile.vol.cataloghub.chartCollection.GetChartCollectionByID -->
