<?xml version="1.0" encoding="UTF-8"?>
<!-- Generated by org.testng.reporters.JUnitReportReporter -->
<testsuite hostname="WBLL0921E4832" failures="0" tests="4" name="com.onmobile.vol.cataloghub.api.collectionThemes.SearchByThemeCollectionName" time="0.583" errors="0" timestamp="2022-02-21T16:53:10 IST" skipped="0">
  <testcase classname="com.onmobile.vol.cataloghub.api.collectionThemes.SearchByThemeCollectionName" name="searchThemeCollectionNegativeScenarioes" time="0.129"/>
  <system-out/>
  <testcase classname="com.onmobile.vol.cataloghub.api.collectionThemes.SearchByThemeCollectionName" name="searchThemeCollection" time="0.152"/>
  <system-out/>
  <testcase classname="com.onmobile.vol.cataloghub.api.collectionThemes.SearchByThemeCollectionName" name="searchThemeCollectionNegativeScenarioes" time="0.145"/>
  <system-out/>
  <testcase classname="com.onmobile.vol.cataloghub.api.collectionThemes.SearchByThemeCollectionName" name="searchThemeCollectionNegativeScenarioes" time="0.157"/>
  <system-out/>
</testsuite> <!-- com.onmobile.vol.cataloghub.api.collectionThemes.SearchByThemeCollectionName -->
