<?xml version="1.0" encoding="UTF-8"?>
<!-- Generated by org.testng.reporters.JUnitReportReporter -->
<testsuite hostname="WBLL0921E4832" failures="0" tests="5" name="com.onmobile.vol.cataloghub.chartCollection.GetChartCollectionByID" time="1.387" errors="0" timestamp="2022-02-11T14:13:02 IST" skipped="0">
  <testcase classname="com.onmobile.vol.cataloghub.chartCollection.GetChartCollectionByID" name="getChartCollectionByID" time="0.655"/>
  <system-out/>
  <testcase classname="com.onmobile.vol.cataloghub.chartCollection.GetChartCollectionByID" name="getChartCollectionById_NegativeTest" time="0.194"/>
  <system-out/>
  <testcase classname="com.onmobile.vol.cataloghub.chartCollection.GetChartCollectionByID" name="getChartCollectionById_NegativeTest" time="0.192"/>
  <system-out/>
  <testcase classname="com.onmobile.vol.cataloghub.chartCollection.GetChartCollectionByID" name="getChartCollectionById_NegativeTest" time="0.178"/>
  <system-out/>
  <testcase classname="com.onmobile.vol.cataloghub.chartCollection.GetChartCollectionByID" name="getChartCollectionById_NegativeTest" time="0.168"/>
  <system-out/>
</testsuite> <!-- com.onmobile.vol.cataloghub.chartCollection.GetChartCollectionByID -->
