<?xml version="1.0" encoding="UTF-8"?>
<!-- Generated by org.testng.reporters.JUnitReportReporter -->
<testsuite hostname="WBLL0921E4832" failures="0" tests="4" name="com.onmobile.vol.cataloghub.api.themes.SearchByThemeName" time="0.603" errors="0" timestamp="2022-02-22T16:35:30 IST" skipped="0">
  <testcase classname="com.onmobile.vol.cataloghub.api.themes.SearchByThemeName" name="searchThemeByThemeNameNegativeScenarioes" time="0.190"/>
  <system-out/>
  <testcase classname="com.onmobile.vol.cataloghub.api.themes.SearchByThemeName" name="validateSearchThemeByThemeName" time="0.232"/>
  <system-out/>
  <testcase classname="com.onmobile.vol.cataloghub.api.themes.SearchByThemeName" name="searchThemeByThemeNameNegativeScenarioes" time="0.178"/>
  <system-out/>
  <testcase classname="com.onmobile.vol.cataloghub.api.themes.SearchByThemeName" name="run" time="0.003"/>
  <system-out/>
</testsuite> <!-- com.onmobile.vol.cataloghub.api.themes.SearchByThemeName -->
