<?xml version="1.0" encoding="UTF-8"?>
<!-- Generated by org.testng.reporters.JUnitReportReporter -->
<testsuite hostname="WBLL0921E4832" failures="0" tests="5" name="com.onmobile.vol.cataloghub.api.chat.GetChartByID" time="0.699" errors="0" timestamp="2022-02-22T16:35:30 IST" skipped="0">
  <testcase classname="com.onmobile.vol.cataloghub.api.chat.GetChartByID" name="run" time="0.002"/>
  <system-out/>
  <testcase classname="com.onmobile.vol.cataloghub.api.chat.GetChartByID" name="getCahrtById_NegativeTest" time="0.161"/>
  <system-out/>
  <testcase classname="com.onmobile.vol.cataloghub.api.chat.GetChartByID" name="getChartByID" time="0.205"/>
  <system-out/>
  <testcase classname="com.onmobile.vol.cataloghub.api.chat.GetChartByID" name="getCahrtById_NegativeTest" time="0.161"/>
  <system-out/>
  <testcase classname="com.onmobile.vol.cataloghub.api.chat.GetChartByID" name="getCahrtById_NegativeTest" time="0.170"/>
  <system-out/>
</testsuite> <!-- com.onmobile.vol.cataloghub.api.chat.GetChartByID -->
