<?xml version="1.0" encoding="UTF-8"?>
<!-- Generated by org.testng.reporters.JUnitReportReporter -->
<testsuite hostname="WBLL0921E4832" failures="0" tests="4" name="com.onmobile.vol.cataloghub.api.chartCollection.CreateChartCollection" time="0.585" errors="0" timestamp="2022-02-22T16:35:30 IST" skipped="0">
  <testcase classname="com.onmobile.vol.cataloghub.api.chartCollection.CreateChartCollection" name="NegativeScenarioCreateChat" time="0.178"/>
  <system-out/>
  <testcase classname="com.onmobile.vol.cataloghub.api.chartCollection.CreateChartCollection" name="run" time="0.002"/>
  <system-out/>
  <testcase classname="com.onmobile.vol.cataloghub.api.chartCollection.CreateChartCollection" name="createChatByChatName" time="0.238"/>
  <system-out/>
  <testcase classname="com.onmobile.vol.cataloghub.api.chartCollection.CreateChartCollection" name="NegativeScenarioCreateChat" time="0.167"/>
  <system-out/>
</testsuite> <!-- com.onmobile.vol.cataloghub.api.chartCollection.CreateChartCollection -->
