<?xml version="1.0" encoding="UTF-8"?>
<!-- Generated by org.testng.reporters.JUnitReportReporter -->
<testsuite hostname="WBLL0921E4832" failures="0" tests="3" name="com.onmobile.vol.cataloghub.api.chat.SearchByChartName" time="0.569" errors="0" timestamp="2022-02-21T16:53:10 IST" skipped="0">
  <testcase classname="com.onmobile.vol.cataloghub.api.chat.SearchByChartName" name="searchByChartName" time="0.258"/>
  <system-out/>
  <testcase classname="com.onmobile.vol.cataloghub.api.chat.SearchByChartName" name="searchByChartNameNegativeTest" time="0.170"/>
  <system-out/>
  <testcase classname="com.onmobile.vol.cataloghub.api.chat.SearchByChartName" name="searchByChartNameNegativeTest" time="0.141"/>
  <system-out/>
</testsuite> <!-- com.onmobile.vol.cataloghub.api.chat.SearchByChartName -->
