<?xml version="1.0" encoding="UTF-8"?>
<!-- Generated by org.testng.reporters.JUnitReportReporter -->
<testsuite hostname="WBLL0921E4832" failures="0" tests="2" name="com.onmobile.vol.cataloghub.api.banner.CreateBanner" time="1.064" errors="0" timestamp="2022-02-14T12:44:40 IST" skipped="0">
  <testcase classname="com.onmobile.vol.cataloghub.api.banner.CreateBanner" name="createBannerNegative" time="0.235"/>
  <system-out/>
  <testcase classname="com.onmobile.vol.cataloghub.api.banner.CreateBanner" name="createBanner" time="0.829"/>
  <system-out/>
</testsuite> <!-- com.onmobile.vol.cataloghub.api.banner.CreateBanner -->
