<?xml version="1.0" encoding="UTF-8"?>
<!-- Generated by org.testng.reporters.JUnitReportReporter -->
<testsuite hostname="WBLL0921E4832" failures="0" tests="3" name="co.onmobile.vol.cataloghub.api.themes.GetThemeByID" time="4.641" errors="0" timestamp="2021-11-19T13:39:09 IST" skipped="0">
  <testcase classname="co.onmobile.vol.cataloghub.api.themes.GetThemeByID" name="validateThemesRequest" time="4.236"/>
  <system-out/>
  <testcase classname="co.onmobile.vol.cataloghub.api.themes.GetThemeByID" name="validateThemesRequest_nav" time="0.182"/>
  <system-out/>
  <testcase classname="co.onmobile.vol.cataloghub.api.themes.GetThemeByID" name="validateThemesRequest_nav" time="0.223"/>
  <system-out/>
</testsuite> <!-- co.onmobile.vol.cataloghub.api.themes.GetThemeByID -->
