<?xml version="1.0" encoding="UTF-8"?>
<!-- Generated by org.testng.reporters.JUnitReportReporter -->
<testsuite hostname="WBLL0921E4832" failures="0" tests="3" name="com.onmobile.vol.cataloghub.chartCollection.SearchByChartCollectionName" time="0.545" errors="0" timestamp="2022-02-21T15:50:36 IST" skipped="0">
  <testcase classname="com.onmobile.vol.cataloghub.chartCollection.SearchByChartCollectionName" name="getChartCollectionsNegativeTest" time="0.179"/>
  <system-out/>
  <testcase classname="com.onmobile.vol.cataloghub.chartCollection.SearchByChartCollectionName" name="getChartCollectionsNegativeTest" time="0.174"/>
  <system-out/>
  <testcase classname="com.onmobile.vol.cataloghub.chartCollection.SearchByChartCollectionName" name="searchChartByCollectionName" time="0.192"/>
  <system-out/>
</testsuite> <!-- com.onmobile.vol.cataloghub.chartCollection.SearchByChartCollectionName -->
