<?xml version="1.0" encoding="UTF-8"?>
<!-- Generated by org.testng.reporters.JUnitReportReporter -->
<testsuite hostname="WBLL0921E4832" failures="0" tests="4" name="com.onmobile.vol.cataloghub.api.chartCollection.GetAllChartCollections" time="1.028" errors="0" timestamp="2022-02-22T16:35:30 IST" skipped="0">
  <testcase classname="com.onmobile.vol.cataloghub.api.chartCollection.GetAllChartCollections" name="NegativeGetAllBanner" time="0.155"/>
  <system-out/>
  <testcase classname="com.onmobile.vol.cataloghub.api.chartCollection.GetAllChartCollections" name="NegativeGetAllBanner" time="0.150"/>
  <system-out/>
  <testcase classname="com.onmobile.vol.cataloghub.api.chartCollection.GetAllChartCollections" name="getAllChartCollection" time="0.721"/>
  <system-out/>
  <testcase classname="com.onmobile.vol.cataloghub.api.chartCollection.GetAllChartCollections" name="run" time="0.002"/>
  <system-out/>
</testsuite> <!-- com.onmobile.vol.cataloghub.api.chartCollection.GetAllChartCollections -->
