<?xml version="1.0" encoding="UTF-8"?>
<!-- Generated by org.testng.reporters.JUnitReportReporter -->
<testsuite hostname="WBLL0921E4832" failures="0" tests="5" name="com.onmobile.vol.cataloghub.api.faq.GetFaq" time="0.932" errors="0" timestamp="2022-02-21T15:50:36 IST" skipped="0">
  <testcase classname="com.onmobile.vol.cataloghub.api.faq.GetFaq" name="getFaqByFaqIdNegativeTest" time="0.159"/>
  <system-out/>
  <testcase classname="com.onmobile.vol.cataloghub.api.faq.GetFaq" name="getFaqByFaqId" time="0.244"/>
  <system-out/>
  <testcase classname="com.onmobile.vol.cataloghub.api.faq.GetFaq" name="getFaqByFaqIdNegativeTest" time="0.168"/>
  <system-out/>
  <testcase classname="com.onmobile.vol.cataloghub.api.faq.GetFaq" name="getFaqByFaqIdNegativeTest" time="0.198"/>
  <system-out/>
  <testcase classname="com.onmobile.vol.cataloghub.api.faq.GetFaq" name="getFaqByFaqIdNegativeTest" time="0.163"/>
  <system-out/>
</testsuite> <!-- com.onmobile.vol.cataloghub.api.faq.GetFaq -->
