<?xml version="1.0" encoding="UTF-8"?>
<!-- Generated by org.testng.reporters.JUnitReportReporter -->
<testsuite hostname="WBLL0921E4832" failures="0" tests="1" name="com.onmobile.vol.cataloghub.api.themes.GetThemeAttributes" time="4.484" errors="0" timestamp="2021-11-22T10:02:21 IST" skipped="0">
  <testcase classname="com.onmobile.vol.cataloghub.api.themes.GetThemeAttributes" name="getAttributes" time="4.484"/>
  <system-out/>
</testsuite> <!-- com.onmobile.vol.cataloghub.api.themes.GetThemeAttributes -->
