<?xml version="1.0" encoding="UTF-8"?>
<!-- Generated by org.testng.reporters.JUnitReportReporter -->
<testsuite hostname="WBLL0921E4832" failures="0" tests="2" name="com.onmobile.vol.cataloghub.api.banner.CreateBanner" time="2.894" errors="0" timestamp="2022-02-11T11:45:55 IST" skipped="0">
  <testcase classname="com.onmobile.vol.cataloghub.api.banner.CreateBanner" name="createChatByChatName" time="1.060"/>
  <system-out/>
  <testcase classname="com.onmobile.vol.cataloghub.api.banner.CreateBanner" name="NegativeScenarioCreateChat" time="1.834"/>
  <system-out/>
</testsuite> <!-- com.onmobile.vol.cataloghub.api.banner.CreateBanner -->
