<?xml version="1.0" encoding="UTF-8"?>
<!-- Generated by org.testng.reporters.JUnitReportReporter -->
<testsuite hostname="WBLL0921E4832" failures="0" tests="4" name="com.onmobile.vol.cataloghub.api.chat.CreateChat" time="0.948" errors="0" timestamp="2022-02-10T17:50:07 IST" skipped="0">
  <testcase classname="com.onmobile.vol.cataloghub.api.chat.CreateChat" name="NegativeScenarioCreateChat" time="0.139"/>
  <system-out/>
  <testcase classname="com.onmobile.vol.cataloghub.api.chat.CreateChat" name="NegativeScenarioCreateChat" time="0.143"/>
  <system-out/>
  <testcase classname="com.onmobile.vol.cataloghub.api.chat.CreateChat" name="createChatByChatName" time="0.287"/>
  <system-out/>
  <testcase classname="com.onmobile.vol.cataloghub.api.chat.CreateChat" name="NegativeScenarioCreateChat" time="0.379"/>
  <system-out/>
</testsuite> <!-- com.onmobile.vol.cataloghub.api.chat.CreateChat -->
