<?xml version="1.0" encoding="UTF-8"?>
<!-- Generated by org.testng.reporters.JUnitReportReporter -->
<testsuite hostname="WBLL0921E4832" failures="0" tests="6" name="com.onmobile.vol.cataloghub.api.collectionThemes.GetThemeCollectionByID" time="1.821" errors="0" timestamp="2022-02-11T15:23:19 IST" skipped="0">
  <testcase classname="com.onmobile.vol.cataloghub.api.collectionThemes.GetThemeCollectionByID" name="InvalidThemeCollection" time="0.283"/>
  <system-out/>
  <testcase classname="com.onmobile.vol.cataloghub.api.collectionThemes.GetThemeCollectionByID" name="InvalidThemeCollection" time="0.287"/>
  <system-out/>
  <testcase classname="com.onmobile.vol.cataloghub.api.collectionThemes.GetThemeCollectionByID" name="InvalidThemeCollection" time="0.320"/>
  <system-out/>
  <testcase classname="com.onmobile.vol.cataloghub.api.collectionThemes.GetThemeCollectionByID" name="InvalidThemeCollection" time="0.272"/>
  <system-out/>
  <testcase classname="com.onmobile.vol.cataloghub.api.collectionThemes.GetThemeCollectionByID" name="InvalidThemeCollection" time="0.267"/>
  <system-out/>
  <testcase classname="com.onmobile.vol.cataloghub.api.collectionThemes.GetThemeCollectionByID" name="getThemeCollection" time="0.392"/>
  <system-out/>
</testsuite> <!-- com.onmobile.vol.cataloghub.api.collectionThemes.GetThemeCollectionByID -->
