<?xml version="1.0" encoding="UTF-8"?>
<!-- Generated by org.testng.reporters.JUnitReportReporter -->
<testsuite hostname="WBLL0921E4832" failures="0" tests="3" name="com.onmobile.vol.cataloghub.api.themes.GetThemeByID" time="1.417" errors="0" timestamp="2022-02-14T12:44:40 IST" skipped="0">
  <testcase classname="com.onmobile.vol.cataloghub.api.themes.GetThemeByID" name="getThemeByThemeID" time="1.047"/>
  <system-out/>
  <testcase classname="com.onmobile.vol.cataloghub.api.themes.GetThemeByID" name="getThemeByThemeid_NegativeScenarios" time="0.174"/>
  <system-out/>
  <testcase classname="com.onmobile.vol.cataloghub.api.themes.GetThemeByID" name="getThemeByThemeid_NegativeScenarios" time="0.196"/>
  <system-out/>
</testsuite> <!-- com.onmobile.vol.cataloghub.api.themes.GetThemeByID -->
