<?xml version="1.0" encoding="UTF-8"?>
<!-- Generated by org.testng.reporters.JUnitReportReporter -->
<testsuite hostname="WBLL0921E4832" failures="0" tests="2" name="com.onmobile.vol.cataloghub.api.banner.CreateBanner" time="2.369" errors="0" timestamp="2022-02-11T13:29:35 IST" skipped="0">
  <testcase classname="com.onmobile.vol.cataloghub.api.banner.CreateBanner" name="createBannerNegative" time="0.194"/>
  <system-out/>
  <testcase classname="com.onmobile.vol.cataloghub.api.banner.CreateBanner" name="createBanner" time="2.175"/>
  <system-out/>
</testsuite> <!-- com.onmobile.vol.cataloghub.api.banner.CreateBanner -->
