<?xml version="1.0" encoding="UTF-8"?>
<!-- Generated by org.testng.reporters.JUnitReportReporter -->
<testsuite hostname="WBLL0921E4832" failures="0" tests="4" name="com.onmobile.vol.cataloghub.api.collectionThemes.SearchByThemeCollectionName" time="0.789" errors="0" timestamp="2022-02-21T15:50:36 IST" skipped="0">
  <testcase classname="com.onmobile.vol.cataloghub.api.collectionThemes.SearchByThemeCollectionName" name="searchThemeCollectionNegativeScenarioes" time="0.177"/>
  <system-out/>
  <testcase classname="com.onmobile.vol.cataloghub.api.collectionThemes.SearchByThemeCollectionName" name="searchThemeCollectionNegativeScenarioes" time="0.167"/>
  <system-out/>
  <testcase classname="com.onmobile.vol.cataloghub.api.collectionThemes.SearchByThemeCollectionName" name="searchThemeCollection" time="0.252"/>
  <system-out/>
  <testcase classname="com.onmobile.vol.cataloghub.api.collectionThemes.SearchByThemeCollectionName" name="searchThemeCollectionNegativeScenarioes" time="0.193"/>
  <system-out/>
</testsuite> <!-- com.onmobile.vol.cataloghub.api.collectionThemes.SearchByThemeCollectionName -->
