<?xml version="1.0" encoding="UTF-8"?>
<!-- Generated by org.testng.reporters.JUnitReportReporter -->
<testsuite hostname="WBLL0921E4832" failures="0" tests="4" name="com.onmobile.vol.cataloghub.api.bannerCollection.GetBannerCollectionByID" time="0.788" errors="0" timestamp="2022-02-21T15:50:36 IST" skipped="0">
  <testcase classname="com.onmobile.vol.cataloghub.api.bannerCollection.GetBannerCollectionByID" name="getBannerCollectionsById" time="0.244"/>
  <system-out/>
  <testcase classname="com.onmobile.vol.cataloghub.api.bannerCollection.GetBannerCollectionByID" name="getBannerCollectionsByID_NegativeScenarios" time="0.172"/>
  <system-out/>
  <testcase classname="com.onmobile.vol.cataloghub.api.bannerCollection.GetBannerCollectionByID" name="getBannerCollectionsByID_NegativeScenarios" time="0.199"/>
  <system-out/>
  <testcase classname="com.onmobile.vol.cataloghub.api.bannerCollection.GetBannerCollectionByID" name="getBannerCollectionsByID_NegativeScenarios" time="0.173"/>
  <system-out/>
</testsuite> <!-- com.onmobile.vol.cataloghub.api.bannerCollection.GetBannerCollectionByID -->
