<?xml version="1.0" encoding="UTF-8"?>
<!-- Generated by org.testng.reporters.JUnitReportReporter -->
<testsuite hostname="WBLL0921E4832" failures="0" tests="4" name="com.onmobile.vol.cataloghub.api.themes.themeSearch.SearchByThemeCollectionName" time="0.613" errors="0" timestamp="2022-02-10T17:50:07 IST" skipped="0">
  <testcase classname="com.onmobile.vol.cataloghub.api.themes.themeSearch.SearchByThemeCollectionName" name="searchThemeCollection" time="0.171"/>
  <system-out/>
  <testcase classname="com.onmobile.vol.cataloghub.api.themes.themeSearch.SearchByThemeCollectionName" name="searchThemeCollectionNegativeScenarioes" time="0.122"/>
  <system-out/>
  <testcase classname="com.onmobile.vol.cataloghub.api.themes.themeSearch.SearchByThemeCollectionName" name="searchThemeCollectionNegativeScenarioes" time="0.147"/>
  <system-out/>
  <testcase classname="com.onmobile.vol.cataloghub.api.themes.themeSearch.SearchByThemeCollectionName" name="searchThemeCollectionNegativeScenarioes" time="0.173"/>
  <system-out/>
</testsuite> <!-- com.onmobile.vol.cataloghub.api.themes.themeSearch.SearchByThemeCollectionName -->
