<?xml version="1.0" encoding="UTF-8"?>
<!-- Generated by org.testng.reporters.JUnitReportReporter -->
<testsuite hostname="WBLL0921E4832" failures="0" tests="1" name="com.onmobile.vol.cataloghub.api.themes.GetAllThemes" time="0.527" errors="0" timestamp="2022-02-21T16:53:10 IST" skipped="0">
  <testcase classname="com.onmobile.vol.cataloghub.api.themes.GetAllThemes" name="getAllThemes" time="0.527"/>
  <system-out/>
</testsuite> <!-- com.onmobile.vol.cataloghub.api.themes.GetAllThemes -->
