<?xml version="1.0" encoding="UTF-8"?>
<!-- Generated by org.testng.reporters.JUnitReportReporter -->
<testsuite hostname="WBLL0921E4832" failures="0" tests="2" name="com.onmobile.vol.cataloghub.api.themes.UpdateThemeImageURL" time="0.332" errors="0" timestamp="2022-02-22T16:35:30 IST" skipped="0">
  <testcase classname="com.onmobile.vol.cataloghub.api.themes.UpdateThemeImageURL" name="run" time="0.006"/>
  <system-out/>
  <testcase classname="com.onmobile.vol.cataloghub.api.themes.UpdateThemeImageURL" name="updateThemeImageURL" time="0.326"/>
  <system-out/>
</testsuite> <!-- com.onmobile.vol.cataloghub.api.themes.UpdateThemeImageURL -->
