<?xml version="1.0" encoding="UTF-8"?>
<!-- Generated by org.testng.reporters.JUnitReportReporter -->
<testsuite hostname="WBLL0921E4832" failures="0" tests="3" name="com.onmobile.vol.cataloghub.api.bannerCollection.GetAllBannerCollections" time="0.711" errors="0" timestamp="2022-02-11T13:41:09 IST" skipped="0">
  <testcase classname="com.onmobile.vol.cataloghub.api.bannerCollection.GetAllBannerCollections" name="NegativeGetAllBanner" time="0.236"/>
  <system-out/>
  <testcase classname="com.onmobile.vol.cataloghub.api.bannerCollection.GetAllBannerCollections" name="NegativeGetAllBanner" time="0.201"/>
  <system-out/>
  <testcase classname="com.onmobile.vol.cataloghub.api.bannerCollection.GetAllBannerCollections" name="getAllBannerCollections" time="0.274"/>
  <system-out/>
</testsuite> <!-- com.onmobile.vol.cataloghub.api.bannerCollection.GetAllBannerCollections -->
